<?xml version="1.0" encoding="UTF-8"?>
<TestRun id="64651e44-48fc-4c45-a77a-e86db8da5b49" name="mbarton@W01319 2013-09-11 14:15:41" runUser="LEAP\mbarton" xmlns="http://microsoft.com/schemas/VisualStudio/TeamTest/2010">
  <TestSettings name="Default Test Settings" id="d990c5ac-74cc-4dd9-9b55-7cbde4b81cd4">
    <Deployment userDeploymentRoot="C:\Users\mbarton\Documents\GitHub\JellyDb\TestResults" useDefaultDeploymentRoot="false" runDeploymentRoot="mbarton_W01319 2013-09-11 14_15_41">
      <DeploymentItem filename="C:\Users\mbarton\Documents\GitHub\JellyDb\Libs\CastleWindsor\Castle.Core.dll" />
      <DeploymentItem filename="C:\Users\mbarton\Documents\GitHub\JellyDb\JellyDb.Core\bin\Debug\Kenny.DbEngine.Core.dll" />
      <DeploymentItem filename="C:\Users\mbarton\Documents\GitHub\JellyDb\Libs\CastleWindsor\Castle.Windsor.dll" />
      <DeploymentItem filename="C:\Users\mbarton\Documents\GitHub\JellyDb\Libs\RhinoMock\Rhino.Mocks.dll" />
    </Deployment>
    <Execution>
      <TestTypeSpecific />
      <AgentRule name="Execution Agents">
      </AgentRule>
    </Execution>
  </TestSettings>
  <Times creation="2013-09-11T14:15:41.5840613+10:00" queuing="2013-09-11T14:15:41.7160688+10:00" start="2013-09-11T14:15:41.7210691+10:00" finish="2013-09-11T14:15:41.9790839+10:00" />
  <ResultSummary outcome="Failed">
    <Counters total="6" executed="6" error="0" failed="6" timeout="0" aborted="0" inconclusive="0" passedButRunAborted="0" notRunnable="0" notExecuted="0" disconnected="0" warning="0" passed="0" completed="0" inProgress="0" pending="0" />
  </ResultSummary>
  <TestDefinitions>
    <UnitTest name="FileBasedPersistence_SaveAndGetScatteredData" storage="c:\users\mbarton\documents\github\jellydb\jellydb.core.test\bin\debug\kenny.dbengine.core.test.dll" id="d2193536-44cc-38b0-7251-1737ab4f1354">
      <Execution id="1defd782-9cd2-4773-85b9-ad0397082e13" />
      <TestMethod codeBase="C:/Users/mbarton/Documents/GitHub/JellyDb/JellyDb.Core.Test/bin/Debug/Kenny.DbEngine.Core.Test.DLL" adapterTypeName="Microsoft.VisualStudio.TestTools.TestTypes.Unit.UnitTestAdapter, Microsoft.VisualStudio.QualityTools.Tips.UnitTest.Adapter, Version=10.0.0.0, Culture=neutral, PublicKeyToken=b03f5f7f11d50a3a" className="JellyDb.Core.Test.Integration.VirtualAddressSpace.FileDataPersistenceTest, Kenny.DbEngine.Core.Test, Version=1.0.0.0, Culture=neutral, PublicKeyToken=null" name="FileBasedPersistence_SaveAndGetScatteredData" />
    </UnitTest>
    <UnitTest name="FileBasedPersistence_CreateFilePersistence" storage="c:\users\mbarton\documents\github\jellydb\jellydb.core.test\bin\debug\kenny.dbengine.core.test.dll" id="36d3bedc-821d-1558-0271-a3dec70a1f0d">
      <Execution id="f01bdede-c618-4128-957e-4e2a3e854e46" />
      <TestMethod codeBase="C:/Users/mbarton/Documents/GitHub/JellyDb/JellyDb.Core.Test/bin/Debug/Kenny.DbEngine.Core.Test.DLL" adapterTypeName="Microsoft.VisualStudio.TestTools.TestTypes.Unit.UnitTestAdapter, Microsoft.VisualStudio.QualityTools.Tips.UnitTest.Adapter, Version=10.0.0.0, Culture=neutral, PublicKeyToken=b03f5f7f11d50a3a" className="JellyDb.Core.Test.Integration.VirtualAddressSpace.FileDataPersistenceTest, Kenny.DbEngine.Core.Test, Version=1.0.0.0, Culture=neutral, PublicKeyToken=null" name="FileBasedPersistence_CreateFilePersistence" />
    </UnitTest>
    <UnitTest name="FileBasedPersitence_SaveMultipleAddressSpacesWithOneFullOfdata" storage="c:\users\mbarton\documents\github\jellydb\jellydb.core.test\bin\debug\kenny.dbengine.core.test.dll" id="ce8670ce-0545-ed2a-9157-63e5ede7959b">
      <Execution id="836abe32-8fe7-4079-8f52-0d366f0942f8" />
      <TestMethod codeBase="C:/Users/mbarton/Documents/GitHub/JellyDb/JellyDb.Core.Test/bin/Debug/Kenny.DbEngine.Core.Test.DLL" adapterTypeName="Microsoft.VisualStudio.TestTools.TestTypes.Unit.UnitTestAdapter, Microsoft.VisualStudio.QualityTools.Tips.UnitTest.Adapter, Version=10.0.0.0, Culture=neutral, PublicKeyToken=b03f5f7f11d50a3a" className="JellyDb.Core.Test.Integration.VirtualAddressSpace.FileDataPersistenceTest, Kenny.DbEngine.Core.Test, Version=1.0.0.0, Culture=neutral, PublicKeyToken=null" name="FileBasedPersitence_SaveMultipleAddressSpacesWithOneFullOfdata" />
    </UnitTest>
    <UnitTest name="FileBasedPersistence_SaveAndGetContiguousData" storage="c:\users\mbarton\documents\github\jellydb\jellydb.core.test\bin\debug\kenny.dbengine.core.test.dll" id="4e525e81-d5fe-4a91-345c-03adffe73ad6">
      <Execution id="87af9bfd-2d4e-47a1-a401-a13b75745324" />
      <TestMethod codeBase="C:/Users/mbarton/Documents/GitHub/JellyDb/JellyDb.Core.Test/bin/Debug/Kenny.DbEngine.Core.Test.DLL" adapterTypeName="Microsoft.VisualStudio.TestTools.TestTypes.Unit.UnitTestAdapter, Microsoft.VisualStudio.QualityTools.Tips.UnitTest.Adapter, Version=10.0.0.0, Culture=neutral, PublicKeyToken=b03f5f7f11d50a3a" className="JellyDb.Core.Test.Integration.VirtualAddressSpace.FileDataPersistenceTest, Kenny.DbEngine.Core.Test, Version=1.0.0.0, Culture=neutral, PublicKeyToken=null" name="FileBasedPersistence_SaveAndGetContiguousData" />
    </UnitTest>
    <UnitTest name="CreateBigFileTest" storage="c:\users\mbarton\documents\github\jellydb\jellydb.core.test\bin\debug\kenny.dbengine.core.test.dll" id="ee92963a-4cd7-3523-3ab9-557d4bd1d1ce">
      <Execution id="d5d5a791-83b0-4054-9d70-9af4c0df2c14" />
      <TestMethod codeBase="C:/Users/mbarton/Documents/GitHub/JellyDb/JellyDb.Core.Test/bin/Debug/Kenny.DbEngine.Core.Test.DLL" adapterTypeName="Microsoft.VisualStudio.TestTools.TestTypes.Unit.UnitTestAdapter, Microsoft.VisualStudio.QualityTools.Tips.UnitTest.Adapter, Version=10.0.0.0, Culture=neutral, PublicKeyToken=b03f5f7f11d50a3a" className="JellyDb.Core.Test.Integration.VirtualAddressSpace.FileDataPersistenceTest, Kenny.DbEngine.Core.Test, Version=1.0.0.0, Culture=neutral, PublicKeyToken=null" name="CreateBigFileTest" />
    </UnitTest>
    <UnitTest name="GetConfigurationSection" storage="c:\users\mbarton\documents\github\jellydb\jellydb.core.test\bin\debug\kenny.dbengine.core.test.dll" id="9cd3538a-4572-d308-9748-29bc128cdf2e">
      <Execution id="72f63aa4-4816-401c-b691-1c0ea47f8d6d" />
      <TestMethod codeBase="C:/Users/mbarton/Documents/GitHub/JellyDb/JellyDb.Core.Test/bin/Debug/Kenny.DbEngine.Core.Test.DLL" adapterTypeName="Microsoft.VisualStudio.TestTools.TestTypes.Unit.UnitTestAdapter, Microsoft.VisualStudio.QualityTools.Tips.UnitTest.Adapter, Version=10.0.0.0, Culture=neutral, PublicKeyToken=b03f5f7f11d50a3a" className="JellyDb.Core.Test.Unit.Configuration.VirtualFileSystemConfigurationTest, Kenny.DbEngine.Core.Test, Version=1.0.0.0, Culture=neutral, PublicKeyToken=null" name="GetConfigurationSection" />
    </UnitTest>
  </TestDefinitions>
  <TestLists>
    <TestList name="Results Not in a List" id="8c84fa94-04c1-424b-9868-57a2d4851a1d" />
    <TestList name="All Loaded Results" id="19431567-8539-422a-85d7-44ee4e166bda" />
  </TestLists>
  <TestEntries>
    <TestEntry testId="ce8670ce-0545-ed2a-9157-63e5ede7959b" executionId="836abe32-8fe7-4079-8f52-0d366f0942f8" testListId="8c84fa94-04c1-424b-9868-57a2d4851a1d" />
    <TestEntry testId="36d3bedc-821d-1558-0271-a3dec70a1f0d" executionId="f01bdede-c618-4128-957e-4e2a3e854e46" testListId="8c84fa94-04c1-424b-9868-57a2d4851a1d" />
    <TestEntry testId="4e525e81-d5fe-4a91-345c-03adffe73ad6" executionId="87af9bfd-2d4e-47a1-a401-a13b75745324" testListId="8c84fa94-04c1-424b-9868-57a2d4851a1d" />
    <TestEntry testId="ee92963a-4cd7-3523-3ab9-557d4bd1d1ce" executionId="d5d5a791-83b0-4054-9d70-9af4c0df2c14" testListId="8c84fa94-04c1-424b-9868-57a2d4851a1d" />
    <TestEntry testId="d2193536-44cc-38b0-7251-1737ab4f1354" executionId="1defd782-9cd2-4773-85b9-ad0397082e13" testListId="8c84fa94-04c1-424b-9868-57a2d4851a1d" />
    <TestEntry testId="9cd3538a-4572-d308-9748-29bc128cdf2e" executionId="72f63aa4-4816-401c-b691-1c0ea47f8d6d" testListId="8c84fa94-04c1-424b-9868-57a2d4851a1d" />
  </TestEntries>
  <Results>
    <UnitTestResult executionId="836abe32-8fe7-4079-8f52-0d366f0942f8" testId="ce8670ce-0545-ed2a-9157-63e5ede7959b" testName="FileBasedPersitence_SaveMultipleAddressSpacesWithOneFullOfdata" computerName="W01319" duration="00:00:00.0131064" startTime="2013-09-11T14:15:41.7230692+10:00" endTime="2013-09-11T14:15:41.9260808+10:00" testType="13cdc9d9-ddb5-4fa4-a97d-d965ccfc6d4b" outcome="Failed" testListId="8c84fa94-04c1-424b-9868-57a2d4851a1d" relativeResultsDirectory="836abe32-8fe7-4079-8f52-0d366f0942f8">
      <Output>
        <Exception>Exception has been thrown by the target of an invocation.</Exception>
        <ErrorInfo>
          <Message>Unable to create instance of class JellyDb.Core.Test.Integration.VirtualAddressSpace.FileDataPersistenceTest. Error: System.Configuration.ConfigurationErrorsException: An error occurred creating the configuration section handler for DbEngine/VirtualFileSystemConfig: Could not load file or assembly 'JellyDb.Core' or one of its dependencies. The system cannot find the file specified. (C:\Users\mbarton\Documents\GitHub\JellyDb\TestResults\mbarton_W01319 2013-09-11 14_15_41\Out\Kenny.DbEngine.Core.Test.DLL.config line 6) ---&gt; System.IO.FileNotFoundException: Could not load file or assembly 'JellyDb.Core' or one of its dependencies. The system cannot find the file specified.=== Pre-bind state information ===
LOG: User = LEAP\mbarton
LOG: DisplayName = JellyDb.Core
 (Partial)
WRN: Partial binding information was supplied for an assembly:
WRN: Assembly Name: JellyDb.Core | Domain ID: 3
WRN: A partial bind occurs when only part of the assembly display name is provided.
WRN: This might result in the binder loading an incorrect assembly.
WRN: It is recommended to provide a fully specified textual identity for the assembly,
WRN: that consists of the simple name, version, culture, and public key token.
WRN: See whitepaper http://go.microsoft.com/fwlink/?LinkId=109270 for more information and common solutions to this issue.
LOG: Appbase = file:///C:/Users/mbarton/Documents/GitHub/JellyDb/TestResults/mbarton_W01319 2013-09-11 14_15_41/Out
LOG: Initial PrivatePath = NULL
Calling assembly : (Unknown).
===
LOG: This bind starts in default load context.
LOG: Using application configuration file: C:\Users\mbarton\Documents\GitHub\JellyDb\TestResults\mbarton_W01319 2013-09-11 14_15_41\Out\Kenny.DbEngine.Core.Test.DLL.config
LOG: Using host configuration file: 
LOG: Using machine configuration file from C:\Windows\Microsoft.NET\Framework\v4.0.30319\config\machine.config.
LOG: Policy not being applied to reference at this time (private, custom, partial, or location-based assembly bind).
LOG: Attempting download of new URL file:///C:/Users/mbarton/Documents/GitHub/JellyDb/TestResults/mbarton_W01319 2013-09-11 14_15_41/Out/JellyDb.Core.DLL.
LOG: Attempting download of new URL file:///C:/Users/mbarton/Documents/GitHub/JellyDb/TestResults/mbarton_W01319 2013-09-11 14_15_41/Out/JellyDb.Core/JellyDb.Core.DLL.
LOG: Attempting download of new URL file:///C:/Users/mbarton/Documents/GitHub/JellyDb/TestResults/mbarton_W01319 2013-09-11 14_15_41/Out/JellyDb.Core.EXE.
LOG: Attempting download of new URL file:///C:/Users/mbarton/Documents/GitHub/JellyDb/TestResults/mbarton_W01319 2013-09-11 14_15_41/Out/JellyDb.Core/JellyDb.Core.EXE.
.</Message>
          <StackTrace>    at System.Configuration.TypeUtil.GetTypeWithReflectionPermission(IInternalConfigHost host, String typeString, Boolean throwOnError)
   at System.Configuration.RuntimeConfigurationRecord.RuntimeConfigurationFactory.Init(RuntimeConfigurationRecord configRecord, FactoryRecord factoryRecord)
   at System.Configuration.RuntimeConfigurationRecord.RuntimeConfigurationFactory.InitWithRestrictedPermissions(RuntimeConfigurationRecord configRecord, FactoryRecord factoryRecord)
   at System.Configuration.RuntimeConfigurationRecord.CreateSectionFactory(FactoryRecord factoryRecord)
   at System.Configuration.BaseConfigurationRecord.FindAndEnsureFactoryRecord(String configKey, Boolean&amp; isRootDeclaredHere)
 --- End of inner exception stack trace ---
    at System.Configuration.BaseConfigurationRecord.FindAndEnsureFactoryRecord(String configKey, Boolean&amp; isRootDeclaredHere)
   at System.Configuration.BaseConfigurationRecord.GetSectionRecursive(String configKey, Boolean getLkg, Boolean checkPermission, Boolean getRuntimeObject, Boolean requestIsHere, Object&amp; result, Object&amp; resultRuntimeObject)
   at System.Configuration.BaseConfigurationRecord.GetSection(String configKey)
   at System.Configuration.ClientConfigurationSystem.System.Configuration.Internal.IInternalConfigSystem.GetSection(String sectionName)
   at System.Configuration.ConfigurationManager.GetSection(String sectionName)
   at JellyDb.Core.Configuration.VirtualFileSystemConfigurationSection.get_ConfigSection() in C:\Users\mbarton\Documents\GitHub\JellyDb\JellyDb.Core\Configuration\VirtualFileSystemConfigurationSection.cs:line 24
   at JellyDb.Core.Test.Integration.VirtualAddressSpace.FileDataPersistenceTest..ctor() in C:\Users\mbarton\Documents\GitHub\JellyDb\JellyDb.Core.Test\Integration\VirtualAddressSpace\FileDataPersistenceTest.cs:line 21
</StackTrace>
        </ErrorInfo>
      </Output>
    </UnitTestResult>
    <UnitTestResult executionId="f01bdede-c618-4128-957e-4e2a3e854e46" testId="36d3bedc-821d-1558-0271-a3dec70a1f0d" testName="FileBasedPersistence_CreateFilePersistence" computerName="W01319" duration="00:00:00.0027170" startTime="2013-09-11T14:15:41.9270809+10:00" endTime="2013-09-11T14:15:41.9330812+10:00" testType="13cdc9d9-ddb5-4fa4-a97d-d965ccfc6d4b" outcome="Failed" testListId="8c84fa94-04c1-424b-9868-57a2d4851a1d" relativeResultsDirectory="f01bdede-c618-4128-957e-4e2a3e854e46">
      <Output>
        <Exception>Exception has been thrown by the target of an invocation.</Exception>
        <ErrorInfo>
          <Message>Unable to create instance of class JellyDb.Core.Test.Integration.VirtualAddressSpace.FileDataPersistenceTest. Error: System.Configuration.ConfigurationErrorsException: An error occurred creating the configuration section handler for DbEngine/VirtualFileSystemConfig: Could not load file or assembly 'JellyDb.Core' or one of its dependencies. The system cannot find the file specified. (C:\Users\mbarton\Documents\GitHub\JellyDb\TestResults\mbarton_W01319 2013-09-11 14_15_41\Out\Kenny.DbEngine.Core.Test.DLL.config line 6) ---&gt; System.IO.FileNotFoundException: Could not load file or assembly 'JellyDb.Core' or one of its dependencies. The system cannot find the file specified.=== Pre-bind state information ===
LOG: User = LEAP\mbarton
LOG: DisplayName = JellyDb.Core
 (Partial)
WRN: Partial binding information was supplied for an assembly:
WRN: Assembly Name: JellyDb.Core | Domain ID: 3
WRN: A partial bind occurs when only part of the assembly display name is provided.
WRN: This might result in the binder loading an incorrect assembly.
WRN: It is recommended to provide a fully specified textual identity for the assembly,
WRN: that consists of the simple name, version, culture, and public key token.
WRN: See whitepaper http://go.microsoft.com/fwlink/?LinkId=109270 for more information and common solutions to this issue.
LOG: Appbase = file:///C:/Users/mbarton/Documents/GitHub/JellyDb/TestResults/mbarton_W01319 2013-09-11 14_15_41/Out
LOG: Initial PrivatePath = NULL
Calling assembly : (Unknown).
===
LOG: This bind starts in default load context.
LOG: Using application configuration file: C:\Users\mbarton\Documents\GitHub\JellyDb\TestResults\mbarton_W01319 2013-09-11 14_15_41\Out\Kenny.DbEngine.Core.Test.DLL.config
LOG: Using host configuration file: 
LOG: Using machine configuration file from C:\Windows\Microsoft.NET\Framework\v4.0.30319\config\machine.config.
LOG: Policy not being applied to reference at this time (private, custom, partial, or location-based assembly bind).
LOG: The same bind was seen before, and was failed with hr = 0x80070002.
.</Message>
          <StackTrace>    at System.Configuration.TypeUtil.GetTypeWithReflectionPermission(IInternalConfigHost host, String typeString, Boolean throwOnError)
   at System.Configuration.RuntimeConfigurationRecord.RuntimeConfigurationFactory.Init(RuntimeConfigurationRecord configRecord, FactoryRecord factoryRecord)
   at System.Configuration.RuntimeConfigurationRecord.RuntimeConfigurationFactory.InitWithRestrictedPermissions(RuntimeConfigurationRecord configRecord, FactoryRecord factoryRecord)
   at System.Configuration.RuntimeConfigurationRecord.CreateSectionFactory(FactoryRecord factoryRecord)
   at System.Configuration.BaseConfigurationRecord.FindAndEnsureFactoryRecord(String configKey, Boolean&amp; isRootDeclaredHere)
 --- End of inner exception stack trace ---
    at System.Configuration.BaseConfigurationRecord.FindAndEnsureFactoryRecord(String configKey, Boolean&amp; isRootDeclaredHere)
   at System.Configuration.BaseConfigurationRecord.GetSectionRecursive(String configKey, Boolean getLkg, Boolean checkPermission, Boolean getRuntimeObject, Boolean requestIsHere, Object&amp; result, Object&amp; resultRuntimeObject)
   at System.Configuration.BaseConfigurationRecord.GetSection(String configKey)
   at System.Configuration.ClientConfigurationSystem.System.Configuration.Internal.IInternalConfigSystem.GetSection(String sectionName)
   at System.Configuration.ConfigurationManager.GetSection(String sectionName)
   at JellyDb.Core.Configuration.VirtualFileSystemConfigurationSection.get_ConfigSection() in C:\Users\mbarton\Documents\GitHub\JellyDb\JellyDb.Core\Configuration\VirtualFileSystemConfigurationSection.cs:line 24
   at JellyDb.Core.Test.Integration.VirtualAddressSpace.FileDataPersistenceTest..ctor() in C:\Users\mbarton\Documents\GitHub\JellyDb\JellyDb.Core.Test\Integration\VirtualAddressSpace\FileDataPersistenceTest.cs:line 21
</StackTrace>
        </ErrorInfo>
      </Output>
    </UnitTestResult>
    <UnitTestResult executionId="87af9bfd-2d4e-47a1-a401-a13b75745324" testId="4e525e81-d5fe-4a91-345c-03adffe73ad6" testName="FileBasedPersistence_SaveAndGetContiguousData" computerName="W01319" duration="00:00:00.0027116" startTime="2013-09-11T14:15:41.9340813+10:00" endTime="2013-09-11T14:15:41.9390816+10:00" testType="13cdc9d9-ddb5-4fa4-a97d-d965ccfc6d4b" outcome="Failed" testListId="8c84fa94-04c1-424b-9868-57a2d4851a1d" relativeResultsDirectory="87af9bfd-2d4e-47a1-a401-a13b75745324">
      <Output>
        <Exception>Exception has been thrown by the target of an invocation.</Exception>
        <ErrorInfo>
          <Message>Unable to create instance of class JellyDb.Core.Test.Integration.VirtualAddressSpace.FileDataPersistenceTest. Error: System.Configuration.ConfigurationErrorsException: An error occurred creating the configuration section handler for DbEngine/VirtualFileSystemConfig: Could not load file or assembly 'JellyDb.Core' or one of its dependencies. The system cannot find the file specified. (C:\Users\mbarton\Documents\GitHub\JellyDb\TestResults\mbarton_W01319 2013-09-11 14_15_41\Out\Kenny.DbEngine.Core.Test.DLL.config line 6) ---&gt; System.IO.FileNotFoundException: Could not load file or assembly 'JellyDb.Core' or one of its dependencies. The system cannot find the file specified.=== Pre-bind state information ===
LOG: User = LEAP\mbarton
LOG: DisplayName = JellyDb.Core
 (Partial)
WRN: Partial binding information was supplied for an assembly:
WRN: Assembly Name: JellyDb.Core | Domain ID: 3
WRN: A partial bind occurs when only part of the assembly display name is provided.
WRN: This might result in the binder loading an incorrect assembly.
WRN: It is recommended to provide a fully specified textual identity for the assembly,
WRN: that consists of the simple name, version, culture, and public key token.
WRN: See whitepaper http://go.microsoft.com/fwlink/?LinkId=109270 for more information and common solutions to this issue.
LOG: Appbase = file:///C:/Users/mbarton/Documents/GitHub/JellyDb/TestResults/mbarton_W01319 2013-09-11 14_15_41/Out
LOG: Initial PrivatePath = NULL
Calling assembly : (Unknown).
===
LOG: This bind starts in default load context.
LOG: Using application configuration file: C:\Users\mbarton\Documents\GitHub\JellyDb\TestResults\mbarton_W01319 2013-09-11 14_15_41\Out\Kenny.DbEngine.Core.Test.DLL.config
LOG: Using host configuration file: 
LOG: Using machine configuration file from C:\Windows\Microsoft.NET\Framework\v4.0.30319\config\machine.config.
LOG: Policy not being applied to reference at this time (private, custom, partial, or location-based assembly bind).
LOG: The same bind was seen before, and was failed with hr = 0x80070002.
.</Message>
          <StackTrace>    at System.Configuration.TypeUtil.GetTypeWithReflectionPermission(IInternalConfigHost host, String typeString, Boolean throwOnError)
   at System.Configuration.RuntimeConfigurationRecord.RuntimeConfigurationFactory.Init(RuntimeConfigurationRecord configRecord, FactoryRecord factoryRecord)
   at System.Configuration.RuntimeConfigurationRecord.RuntimeConfigurationFactory.InitWithRestrictedPermissions(RuntimeConfigurationRecord configRecord, FactoryRecord factoryRecord)
   at System.Configuration.RuntimeConfigurationRecord.CreateSectionFactory(FactoryRecord factoryRecord)
   at System.Configuration.BaseConfigurationRecord.FindAndEnsureFactoryRecord(String configKey, Boolean&amp; isRootDeclaredHere)
 --- End of inner exception stack trace ---
    at System.Configuration.BaseConfigurationRecord.FindAndEnsureFactoryRecord(String configKey, Boolean&amp; isRootDeclaredHere)
   at System.Configuration.BaseConfigurationRecord.GetSectionRecursive(String configKey, Boolean getLkg, Boolean checkPermission, Boolean getRuntimeObject, Boolean requestIsHere, Object&amp; result, Object&amp; resultRuntimeObject)
   at System.Configuration.BaseConfigurationRecord.GetSection(String configKey)
   at System.Configuration.ClientConfigurationSystem.System.Configuration.Internal.IInternalConfigSystem.GetSection(String sectionName)
   at System.Configuration.ConfigurationManager.GetSection(String sectionName)
   at JellyDb.Core.Configuration.VirtualFileSystemConfigurationSection.get_ConfigSection() in C:\Users\mbarton\Documents\GitHub\JellyDb\JellyDb.Core\Configuration\VirtualFileSystemConfigurationSection.cs:line 24
   at JellyDb.Core.Test.Integration.VirtualAddressSpace.FileDataPersistenceTest..ctor() in C:\Users\mbarton\Documents\GitHub\JellyDb\JellyDb.Core.Test\Integration\VirtualAddressSpace\FileDataPersistenceTest.cs:line 21
</StackTrace>
        </ErrorInfo>
      </Output>
    </UnitTestResult>
    <UnitTestResult executionId="d5d5a791-83b0-4054-9d70-9af4c0df2c14" testId="ee92963a-4cd7-3523-3ab9-557d4bd1d1ce" testName="CreateBigFileTest" computerName="W01319" duration="00:00:00.0026705" startTime="2013-09-11T14:15:41.9400816+10:00" endTime="2013-09-11T14:15:41.9450819+10:00" testType="13cdc9d9-ddb5-4fa4-a97d-d965ccfc6d4b" outcome="Failed" testListId="8c84fa94-04c1-424b-9868-57a2d4851a1d" relativeResultsDirectory="d5d5a791-83b0-4054-9d70-9af4c0df2c14">
      <Output>
        <Exception>Exception has been thrown by the target of an invocation.</Exception>
        <ErrorInfo>
          <Message>Unable to create instance of class JellyDb.Core.Test.Integration.VirtualAddressSpace.FileDataPersistenceTest. Error: System.Configuration.ConfigurationErrorsException: An error occurred creating the configuration section handler for DbEngine/VirtualFileSystemConfig: Could not load file or assembly 'JellyDb.Core' or one of its dependencies. The system cannot find the file specified. (C:\Users\mbarton\Documents\GitHub\JellyDb\TestResults\mbarton_W01319 2013-09-11 14_15_41\Out\Kenny.DbEngine.Core.Test.DLL.config line 6) ---&gt; System.IO.FileNotFoundException: Could not load file or assembly 'JellyDb.Core' or one of its dependencies. The system cannot find the file specified.=== Pre-bind state information ===
LOG: User = LEAP\mbarton
LOG: DisplayName = JellyDb.Core
 (Partial)
WRN: Partial binding information was supplied for an assembly:
WRN: Assembly Name: JellyDb.Core | Domain ID: 3
WRN: A partial bind occurs when only part of the assembly display name is provided.
WRN: This might result in the binder loading an incorrect assembly.
WRN: It is recommended to provide a fully specified textual identity for the assembly,
WRN: that consists of the simple name, version, culture, and public key token.
WRN: See whitepaper http://go.microsoft.com/fwlink/?LinkId=109270 for more information and common solutions to this issue.
LOG: Appbase = file:///C:/Users/mbarton/Documents/GitHub/JellyDb/TestResults/mbarton_W01319 2013-09-11 14_15_41/Out
LOG: Initial PrivatePath = NULL
Calling assembly : (Unknown).
===
LOG: This bind starts in default load context.
LOG: Using application configuration file: C:\Users\mbarton\Documents\GitHub\JellyDb\TestResults\mbarton_W01319 2013-09-11 14_15_41\Out\Kenny.DbEngine.Core.Test.DLL.config
LOG: Using host configuration file: 
LOG: Using machine configuration file from C:\Windows\Microsoft.NET\Framework\v4.0.30319\config\machine.config.
LOG: Policy not being applied to reference at this time (private, custom, partial, or location-based assembly bind).
LOG: The same bind was seen before, and was failed with hr = 0x80070002.
.</Message>
          <StackTrace>    at System.Configuration.TypeUtil.GetTypeWithReflectionPermission(IInternalConfigHost host, String typeString, Boolean throwOnError)
   at System.Configuration.RuntimeConfigurationRecord.RuntimeConfigurationFactory.Init(RuntimeConfigurationRecord configRecord, FactoryRecord factoryRecord)
   at System.Configuration.RuntimeConfigurationRecord.RuntimeConfigurationFactory.InitWithRestrictedPermissions(RuntimeConfigurationRecord configRecord, FactoryRecord factoryRecord)
   at System.Configuration.RuntimeConfigurationRecord.CreateSectionFactory(FactoryRecord factoryRecord)
   at System.Configuration.BaseConfigurationRecord.FindAndEnsureFactoryRecord(String configKey, Boolean&amp; isRootDeclaredHere)
 --- End of inner exception stack trace ---
    at System.Configuration.BaseConfigurationRecord.FindAndEnsureFactoryRecord(String configKey, Boolean&amp; isRootDeclaredHere)
   at System.Configuration.BaseConfigurationRecord.GetSectionRecursive(String configKey, Boolean getLkg, Boolean checkPermission, Boolean getRuntimeObject, Boolean requestIsHere, Object&amp; result, Object&amp; resultRuntimeObject)
   at System.Configuration.BaseConfigurationRecord.GetSection(String configKey)
   at System.Configuration.ClientConfigurationSystem.System.Configuration.Internal.IInternalConfigSystem.GetSection(String sectionName)
   at System.Configuration.ConfigurationManager.GetSection(String sectionName)
   at JellyDb.Core.Configuration.VirtualFileSystemConfigurationSection.get_ConfigSection() in C:\Users\mbarton\Documents\GitHub\JellyDb\JellyDb.Core\Configuration\VirtualFileSystemConfigurationSection.cs:line 24
   at JellyDb.Core.Test.Integration.VirtualAddressSpace.FileDataPersistenceTest..ctor() in C:\Users\mbarton\Documents\GitHub\JellyDb\JellyDb.Core.Test\Integration\VirtualAddressSpace\FileDataPersistenceTest.cs:line 21
</StackTrace>
        </ErrorInfo>
      </Output>
    </UnitTestResult>
    <UnitTestResult executionId="1defd782-9cd2-4773-85b9-ad0397082e13" testId="d2193536-44cc-38b0-7251-1737ab4f1354" testName="FileBasedPersistence_SaveAndGetScatteredData" computerName="W01319" duration="00:00:00.0027443" startTime="2013-09-11T14:15:41.9460820+10:00" endTime="2013-09-11T14:15:41.9500822+10:00" testType="13cdc9d9-ddb5-4fa4-a97d-d965ccfc6d4b" outcome="Failed" testListId="8c84fa94-04c1-424b-9868-57a2d4851a1d" relativeResultsDirectory="1defd782-9cd2-4773-85b9-ad0397082e13">
      <Output>
        <Exception>Exception has been thrown by the target of an invocation.</Exception>
        <ErrorInfo>
          <Message>Unable to create instance of class JellyDb.Core.Test.Integration.VirtualAddressSpace.FileDataPersistenceTest. Error: System.Configuration.ConfigurationErrorsException: An error occurred creating the configuration section handler for DbEngine/VirtualFileSystemConfig: Could not load file or assembly 'JellyDb.Core' or one of its dependencies. The system cannot find the file specified. (C:\Users\mbarton\Documents\GitHub\JellyDb\TestResults\mbarton_W01319 2013-09-11 14_15_41\Out\Kenny.DbEngine.Core.Test.DLL.config line 6) ---&gt; System.IO.FileNotFoundException: Could not load file or assembly 'JellyDb.Core' or one of its dependencies. The system cannot find the file specified.=== Pre-bind state information ===
LOG: User = LEAP\mbarton
LOG: DisplayName = JellyDb.Core
 (Partial)
WRN: Partial binding information was supplied for an assembly:
WRN: Assembly Name: JellyDb.Core | Domain ID: 3
WRN: A partial bind occurs when only part of the assembly display name is provided.
WRN: This might result in the binder loading an incorrect assembly.
WRN: It is recommended to provide a fully specified textual identity for the assembly,
WRN: that consists of the simple name, version, culture, and public key token.
WRN: See whitepaper http://go.microsoft.com/fwlink/?LinkId=109270 for more information and common solutions to this issue.
LOG: Appbase = file:///C:/Users/mbarton/Documents/GitHub/JellyDb/TestResults/mbarton_W01319 2013-09-11 14_15_41/Out
LOG: Initial PrivatePath = NULL
Calling assembly : (Unknown).
===
LOG: This bind starts in default load context.
LOG: Using application configuration file: C:\Users\mbarton\Documents\GitHub\JellyDb\TestResults\mbarton_W01319 2013-09-11 14_15_41\Out\Kenny.DbEngine.Core.Test.DLL.config
LOG: Using host configuration file: 
LOG: Using machine configuration file from C:\Windows\Microsoft.NET\Framework\v4.0.30319\config\machine.config.
LOG: Policy not being applied to reference at this time (private, custom, partial, or location-based assembly bind).
LOG: The same bind was seen before, and was failed with hr = 0x80070002.
.</Message>
          <StackTrace>    at System.Configuration.TypeUtil.GetTypeWithReflectionPermission(IInternalConfigHost host, String typeString, Boolean throwOnError)
   at System.Configuration.RuntimeConfigurationRecord.RuntimeConfigurationFactory.Init(RuntimeConfigurationRecord configRecord, FactoryRecord factoryRecord)
   at System.Configuration.RuntimeConfigurationRecord.RuntimeConfigurationFactory.InitWithRestrictedPermissions(RuntimeConfigurationRecord configRecord, FactoryRecord factoryRecord)
   at System.Configuration.RuntimeConfigurationRecord.CreateSectionFactory(FactoryRecord factoryRecord)
   at System.Configuration.BaseConfigurationRecord.FindAndEnsureFactoryRecord(String configKey, Boolean&amp; isRootDeclaredHere)
 --- End of inner exception stack trace ---
    at System.Configuration.BaseConfigurationRecord.FindAndEnsureFactoryRecord(String configKey, Boolean&amp; isRootDeclaredHere)
   at System.Configuration.BaseConfigurationRecord.GetSectionRecursive(String configKey, Boolean getLkg, Boolean checkPermission, Boolean getRuntimeObject, Boolean requestIsHere, Object&amp; result, Object&amp; resultRuntimeObject)
   at System.Configuration.BaseConfigurationRecord.GetSection(String configKey)
   at System.Configuration.ClientConfigurationSystem.System.Configuration.Internal.IInternalConfigSystem.GetSection(String sectionName)
   at System.Configuration.ConfigurationManager.GetSection(String sectionName)
   at JellyDb.Core.Configuration.VirtualFileSystemConfigurationSection.get_ConfigSection() in C:\Users\mbarton\Documents\GitHub\JellyDb\JellyDb.Core\Configuration\VirtualFileSystemConfigurationSection.cs:line 24
   at JellyDb.Core.Test.Integration.VirtualAddressSpace.FileDataPersistenceTest..ctor() in C:\Users\mbarton\Documents\GitHub\JellyDb\JellyDb.Core.Test\Integration\VirtualAddressSpace\FileDataPersistenceTest.cs:line 21
</StackTrace>
        </ErrorInfo>
      </Output>
    </UnitTestResult>
    <UnitTestResult executionId="72f63aa4-4816-401c-b691-1c0ea47f8d6d" testId="9cd3538a-4572-d308-9748-29bc128cdf2e" testName="GetConfigurationSection" computerName="W01319" duration="00:00:00.0162350" startTime="2013-09-11T14:15:41.9510823+10:00" endTime="2013-09-11T14:15:41.9690833+10:00" testType="13cdc9d9-ddb5-4fa4-a97d-d965ccfc6d4b" outcome="Failed" testListId="8c84fa94-04c1-424b-9868-57a2d4851a1d" relativeResultsDirectory="72f63aa4-4816-401c-b691-1c0ea47f8d6d">
      <Output>
        <ErrorInfo>
          <Message>Test method JellyDb.Core.Test.Unit.Configuration.VirtualFileSystemConfigurationTest.GetConfigurationSection threw exception: 
System.Configuration.ConfigurationErrorsException: An error occurred creating the configuration section handler for DbEngine/VirtualFileSystemConfig: Could not load file or assembly 'JellyDb.Core' or one of its dependencies. The system cannot find the file specified. (C:\Users\mbarton\Documents\GitHub\JellyDb\TestResults\mbarton_W01319 2013-09-11 14_15_41\Out\Kenny.DbEngine.Core.Test.DLL.config line 6) ---&gt; System.IO.FileNotFoundException: Could not load file or assembly 'JellyDb.Core' or one of its dependencies. The system cannot find the file specified.=== Pre-bind state information ===
LOG: User = LEAP\mbarton
LOG: DisplayName = JellyDb.Core
 (Partial)
WRN: Partial binding information was supplied for an assembly:
WRN: Assembly Name: JellyDb.Core | Domain ID: 3
WRN: A partial bind occurs when only part of the assembly display name is provided.
WRN: This might result in the binder loading an incorrect assembly.
WRN: It is recommended to provide a fully specified textual identity for the assembly,
WRN: that consists of the simple name, version, culture, and public key token.
WRN: See whitepaper http://go.microsoft.com/fwlink/?LinkId=109270 for more information and common solutions to this issue.
LOG: Appbase = file:///C:/Users/mbarton/Documents/GitHub/JellyDb/TestResults/mbarton_W01319 2013-09-11 14_15_41/Out
LOG: Initial PrivatePath = NULL
Calling assembly : (Unknown).
===
LOG: This bind starts in default load context.
LOG: Using application configuration file: C:\Users\mbarton\Documents\GitHub\JellyDb\TestResults\mbarton_W01319 2013-09-11 14_15_41\Out\Kenny.DbEngine.Core.Test.DLL.config
LOG: Using host configuration file: 
LOG: Using machine configuration file from C:\Windows\Microsoft.NET\Framework\v4.0.30319\config\machine.config.
LOG: Policy not being applied to reference at this time (private, custom, partial, or location-based assembly bind).
LOG: The same bind was seen before, and was failed with hr = 0x80070002.
</Message>
          <StackTrace>    at System.Configuration.TypeUtil.GetTypeWithReflectionPermission(IInternalConfigHost host, String typeString, Boolean throwOnError)
   at System.Configuration.RuntimeConfigurationRecord.RuntimeConfigurationFactory.Init(RuntimeConfigurationRecord configRecord, FactoryRecord factoryRecord)
   at System.Configuration.RuntimeConfigurationRecord.RuntimeConfigurationFactory.InitWithRestrictedPermissions(RuntimeConfigurationRecord configRecord, FactoryRecord factoryRecord)
   at System.Configuration.RuntimeConfigurationRecord.CreateSectionFactory(FactoryRecord factoryRecord)
   at System.Configuration.BaseConfigurationRecord.FindAndEnsureFactoryRecord(String configKey, Boolean&amp; isRootDeclaredHere)
 --- End of inner exception stack trace ---
    at System.Configuration.BaseConfigurationRecord.FindAndEnsureFactoryRecord(String configKey, Boolean&amp; isRootDeclaredHere)
   at System.Configuration.BaseConfigurationRecord.GetSectionRecursive(String configKey, Boolean getLkg, Boolean checkPermission, Boolean getRuntimeObject, Boolean requestIsHere, Object&amp; result, Object&amp; resultRuntimeObject)
   at System.Configuration.BaseConfigurationRecord.GetSection(String configKey)
   at System.Configuration.ClientConfigurationSystem.System.Configuration.Internal.IInternalConfigSystem.GetSection(String sectionName)
   at System.Configuration.ConfigurationManager.GetSection(String sectionName)
   at JellyDb.Core.Configuration.VirtualFileSystemConfigurationSection.get_ConfigSection() in C:\Users\mbarton\Documents\GitHub\JellyDb\JellyDb.Core\Configuration\VirtualFileSystemConfigurationSection.cs:line 24
   at JellyDb.Core.Test.Unit.Configuration.VirtualFileSystemConfigurationTest.GetConfigurationSection() in C:\Users\mbarton\Documents\GitHub\JellyDb\JellyDb.Core.Test\Unit\Configuration\VirtualFileSystemConfigurationTest.cs:line 17
</StackTrace>
        </ErrorInfo>
      </Output>
    </UnitTestResult>
  </Results>
</TestRun>