<?xml version="1.0" encoding="UTF-8"?>
<TestRun id="a982277e-8dfc-47da-a7b4-e3dbe70066f9" name="mbarton@W01319 2013-09-30 12:14:14" runUser="LEAP\mbarton" xmlns="http://microsoft.com/schemas/VisualStudio/TeamTest/2010">
  <TestSettings name="Default Test Settings" id="06cf60bc-4a74-496f-8cf1-8463e2cd2e69">
    <Deployment runDeploymentRoot="mbarton_W01319 2013-09-30 12_14_14">
      <DeploymentItem filename="C:\Users\mbarton\Documents\GitHub\JellyDb\Libs\CastleWindsor\Castle.Core.dll" />
      <DeploymentItem filename="C:\Users\mbarton\Documents\GitHub\JellyDb\Libs\RhinoMock\Rhino.Mocks.dll" />
      <DeploymentItem filename="C:\Users\mbarton\Documents\GitHub\JellyDb\Libs\CastleWindsor\Castle.Windsor.dll" />
      <DeploymentItem filename="C:\Users\mbarton\Documents\GitHub\JellyDb\JellyDb.Core\bin\Debug\JellyDb.Core.dll" />
    </Deployment>
    <Execution>
      <TestTypeSpecific />
      <AgentRule name="Execution Agents">
      </AgentRule>
    </Execution>
  </TestSettings>
  <Times creation="2013-09-30T12:14:14.3127290+10:00" queuing="2013-09-30T12:14:15.6218038+10:00" start="2013-09-30T12:14:15.7888134+10:00" finish="2013-09-30T12:14:24.4323078+10:00" />
  <ResultSummary outcome="Error">
    <Counters total="1" executed="1" error="0" failed="0" timeout="0" aborted="1" inconclusive="0" passedButRunAborted="0" notRunnable="0" notExecuted="0" disconnected="0" warning="0" passed="0" completed="0" inProgress="0" pending="0" />
    <RunInfos>
      <RunInfo computerName="W01319" outcome="Error" timestamp="2013-09-30T12:14:24.4313077+10:00">
        <Text>Test host process exited unexpectedly.</Text>
      </RunInfo>
    </RunInfos>
  </ResultSummary>
  <TestDefinitions>
    <UnitTest name="CreateNodeAndInsertSequentially" storage="c:\users\mbarton\documents\github\jellydb\jellydb.core.test\bin\debug\jellydb.core.test.dll" id="a24b0ed5-cae6-3f94-750b-742a982a733e">
      <Execution id="62f3f293-5954-4992-b8f6-4c2e5eacb767" />
      <TestMethod codeBase="C:/Users/mbarton/Documents/GitHub/JellyDb/JellyDb.Core.Test/bin/Debug/JellyDb.Core.Test.DLL" adapterTypeName="Microsoft.VisualStudio.TestTools.TestTypes.Unit.UnitTestAdapter, Microsoft.VisualStudio.QualityTools.Tips.UnitTest.Adapter, Version=10.0.0.0, Culture=neutral, PublicKeyToken=b03f5f7f11d50a3a" className="JellyDb.Core.Test.Unit.Storage.BPTreeNodeTest, JellyDb.Core.Test, Version=1.0.0.0, Culture=neutral, PublicKeyToken=null" name="CreateNodeAndInsertSequentially" />
    </UnitTest>
  </TestDefinitions>
  <TestLists>
    <TestList name="Results Not in a List" id="8c84fa94-04c1-424b-9868-57a2d4851a1d" />
    <TestList name="All Loaded Results" id="19431567-8539-422a-85d7-44ee4e166bda" />
  </TestLists>
  <TestEntries>
    <TestEntry testId="a24b0ed5-cae6-3f94-750b-742a982a733e" executionId="62f3f293-5954-4992-b8f6-4c2e5eacb767" testListId="8c84fa94-04c1-424b-9868-57a2d4851a1d" />
  </TestEntries>
  <Results>
    <UnitTestResult executionId="62f3f293-5954-4992-b8f6-4c2e5eacb767" testId="a24b0ed5-cae6-3f94-750b-742a982a733e" testName="CreateNodeAndInsertSequentially" computerName="W01319" duration="00:00:08.4754848" startTime="2013-09-30T12:14:15.9568230+10:00" endTime="2013-09-30T12:14:24.4323078+10:00" testType="13cdc9d9-ddb5-4fa4-a97d-d965ccfc6d4b" outcome="Aborted" testListId="8c84fa94-04c1-424b-9868-57a2d4851a1d" relativeResultsDirectory="62f3f293-5954-4992-b8f6-4c2e5eacb767">
    </UnitTestResult>
  </Results>
</TestRun>