<?xml version="1.0" encoding="UTF-8"?>
<TestRun id="c172b452-fe9a-40ea-8d14-fc2d11f8174e" name="mbarton@W01319 2013-09-11 09:01:32" runUser="LEAP\mbarton" xmlns="http://microsoft.com/schemas/VisualStudio/TeamTest/2010">
  <TestSettings name="Default Test Settings" id="b5efbc7c-31cc-41b0-8fda-37d3be742fa2">
    <Deployment userDeploymentRoot="C:\Users\mbarton\Documents\GitHub\JellyDb\TestResults" useDefaultDeploymentRoot="false" runDeploymentRoot="mbarton_W01319 2013-09-11 09_01_32">
      <DeploymentItem filename="C:\Users\mbarton\Documents\GitHub\JellyDb\Libs\Castle.Core.dll" />
      <DeploymentItem filename="C:\Users\mbarton\Documents\GitHub\JellyDb\Libs\Rhino.Mocks.dll" />
      <DeploymentItem filename="C:\Users\mbarton\Documents\GitHub\JellyDb\Libs\Castle.Windsor.dll" />
      <DeploymentItem filename="C:\Users\mbarton\Documents\GitHub\JellyDb\Kenny.DbEngine.Core\bin\Debug\Kenny.DbEngine.Core.dll" />
    </Deployment>
    <Execution>
      <TestTypeSpecific />
      <AgentRule name="Execution Agents">
      </AgentRule>
    </Execution>
  </TestSettings>
  <Times creation="2013-09-11T09:01:32.0459293+10:00" queuing="2013-09-11T09:01:32.1749367+10:00" start="2013-09-11T09:01:32.1799370+10:00" finish="2013-09-11T09:01:32.8809771+10:00" />
  <ResultSummary outcome="Failed">
    <Counters total="6" executed="6" error="0" failed="6" timeout="0" aborted="0" inconclusive="0" passedButRunAborted="0" notRunnable="0" notExecuted="0" disconnected="0" warning="0" passed="0" completed="0" inProgress="0" pending="0" />
  </ResultSummary>
  <TestDefinitions>
    <UnitTest name="GetConfigurationSection" storage="c:\users\mbarton\documents\github\jellydb\kenny.dbengine.core.test\bin\debug\kenny.dbengine.core.test.dll" id="7c6fd982-741c-25f1-0717-02dff2f9a048">
      <Execution id="67ca05fd-7d66-4a62-af49-b7768edee6a6" />
      <TestMethod codeBase="C:/Users/mbarton/Documents/GitHub/JellyDb/Kenny.DbEngine.Core.Test/bin/Debug/Kenny.DbEngine.Core.Test.DLL" adapterTypeName="Microsoft.VisualStudio.TestTools.TestTypes.Unit.UnitTestAdapter, Microsoft.VisualStudio.QualityTools.Tips.UnitTest.Adapter, Version=10.0.0.0, Culture=neutral, PublicKeyToken=b03f5f7f11d50a3a" className="Kenny.DbEngine.Core.Test.Unit.Configuration.VirtualFileSystemConfigurationTest, Kenny.DbEngine.Core.Test, Version=1.0.0.0, Culture=neutral, PublicKeyToken=null" name="GetConfigurationSection" />
    </UnitTest>
    <UnitTest name="FileBasedPersistence_SaveAndGetScatteredData" storage="c:\users\mbarton\documents\github\jellydb\kenny.dbengine.core.test\bin\debug\kenny.dbengine.core.test.dll" id="60908062-6452-d125-fe18-ff95ec4cdd44">
      <Execution id="a8590d2f-b9c6-4162-956c-0e2734131267" />
      <TestMethod codeBase="C:/Users/mbarton/Documents/GitHub/JellyDb/Kenny.DbEngine.Core.Test/bin/Debug/Kenny.DbEngine.Core.Test.DLL" adapterTypeName="Microsoft.VisualStudio.TestTools.TestTypes.Unit.UnitTestAdapter, Microsoft.VisualStudio.QualityTools.Tips.UnitTest.Adapter, Version=10.0.0.0, Culture=neutral, PublicKeyToken=b03f5f7f11d50a3a" className="Kenny.DbEngine.Core.Test.Integration.VirtualAddressSpace.FileBasedPersistenceTest, Kenny.DbEngine.Core.Test, Version=1.0.0.0, Culture=neutral, PublicKeyToken=null" name="FileBasedPersistence_SaveAndGetScatteredData" />
    </UnitTest>
    <UnitTest name="FileBasedPersitence_SaveMultipleAddressSpacesWithOneFullOfdata" storage="c:\users\mbarton\documents\github\jellydb\kenny.dbengine.core.test\bin\debug\kenny.dbengine.core.test.dll" id="bb0af259-8772-114f-7ba4-993c68cfbc60">
      <Execution id="cd64f440-e889-4aeb-8ff7-f23de0255846" />
      <TestMethod codeBase="C:/Users/mbarton/Documents/GitHub/JellyDb/Kenny.DbEngine.Core.Test/bin/Debug/Kenny.DbEngine.Core.Test.DLL" adapterTypeName="Microsoft.VisualStudio.TestTools.TestTypes.Unit.UnitTestAdapter, Microsoft.VisualStudio.QualityTools.Tips.UnitTest.Adapter, Version=10.0.0.0, Culture=neutral, PublicKeyToken=b03f5f7f11d50a3a" className="Kenny.DbEngine.Core.Test.Integration.VirtualAddressSpace.FileBasedPersistenceTest, Kenny.DbEngine.Core.Test, Version=1.0.0.0, Culture=neutral, PublicKeyToken=null" name="FileBasedPersitence_SaveMultipleAddressSpacesWithOneFullOfdata" />
    </UnitTest>
    <UnitTest name="CreateBigFileTest" storage="c:\users\mbarton\documents\github\jellydb\kenny.dbengine.core.test\bin\debug\kenny.dbengine.core.test.dll" id="a5e4b6a9-8a72-d442-9dc9-92cc31b491ee">
      <Execution id="ae7bee10-edfa-4836-94c9-404c050f4bdd" />
      <TestMethod codeBase="C:/Users/mbarton/Documents/GitHub/JellyDb/Kenny.DbEngine.Core.Test/bin/Debug/Kenny.DbEngine.Core.Test.DLL" adapterTypeName="Microsoft.VisualStudio.TestTools.TestTypes.Unit.UnitTestAdapter, Microsoft.VisualStudio.QualityTools.Tips.UnitTest.Adapter, Version=10.0.0.0, Culture=neutral, PublicKeyToken=b03f5f7f11d50a3a" className="Kenny.DbEngine.Core.Test.Integration.VirtualAddressSpace.FileBasedPersistenceTest, Kenny.DbEngine.Core.Test, Version=1.0.0.0, Culture=neutral, PublicKeyToken=null" name="CreateBigFileTest" />
    </UnitTest>
    <UnitTest name="FileBasedPersistence_SaveAndGetContiguousData" storage="c:\users\mbarton\documents\github\jellydb\kenny.dbengine.core.test\bin\debug\kenny.dbengine.core.test.dll" id="f24b8079-7a7b-486d-9b45-80f98756b05d">
      <Execution id="2d0020bb-4151-4373-9f11-39bc5329cb0f" />
      <TestMethod codeBase="C:/Users/mbarton/Documents/GitHub/JellyDb/Kenny.DbEngine.Core.Test/bin/Debug/Kenny.DbEngine.Core.Test.DLL" adapterTypeName="Microsoft.VisualStudio.TestTools.TestTypes.Unit.UnitTestAdapter, Microsoft.VisualStudio.QualityTools.Tips.UnitTest.Adapter, Version=10.0.0.0, Culture=neutral, PublicKeyToken=b03f5f7f11d50a3a" className="Kenny.DbEngine.Core.Test.Integration.VirtualAddressSpace.FileBasedPersistenceTest, Kenny.DbEngine.Core.Test, Version=1.0.0.0, Culture=neutral, PublicKeyToken=null" name="FileBasedPersistence_SaveAndGetContiguousData" />
    </UnitTest>
    <UnitTest name="FileBasedPersistence_CreateFilePersistence" storage="c:\users\mbarton\documents\github\jellydb\kenny.dbengine.core.test\bin\debug\kenny.dbengine.core.test.dll" id="225680d3-3a0f-7f06-ee1a-59784201cb83">
      <Execution id="8dfdb893-6ead-42d5-91e3-266050471b08" />
      <TestMethod codeBase="C:/Users/mbarton/Documents/GitHub/JellyDb/Kenny.DbEngine.Core.Test/bin/Debug/Kenny.DbEngine.Core.Test.DLL" adapterTypeName="Microsoft.VisualStudio.TestTools.TestTypes.Unit.UnitTestAdapter, Microsoft.VisualStudio.QualityTools.Tips.UnitTest.Adapter, Version=10.0.0.0, Culture=neutral, PublicKeyToken=b03f5f7f11d50a3a" className="Kenny.DbEngine.Core.Test.Integration.VirtualAddressSpace.FileBasedPersistenceTest, Kenny.DbEngine.Core.Test, Version=1.0.0.0, Culture=neutral, PublicKeyToken=null" name="FileBasedPersistence_CreateFilePersistence" />
    </UnitTest>
  </TestDefinitions>
  <TestLists>
    <TestList name="Results Not in a List" id="8c84fa94-04c1-424b-9868-57a2d4851a1d" />
    <TestList name="All Loaded Results" id="19431567-8539-422a-85d7-44ee4e166bda" />
  </TestLists>
  <TestEntries>
    <TestEntry testId="7c6fd982-741c-25f1-0717-02dff2f9a048" executionId="67ca05fd-7d66-4a62-af49-b7768edee6a6" testListId="8c84fa94-04c1-424b-9868-57a2d4851a1d" />
    <TestEntry testId="60908062-6452-d125-fe18-ff95ec4cdd44" executionId="a8590d2f-b9c6-4162-956c-0e2734131267" testListId="8c84fa94-04c1-424b-9868-57a2d4851a1d" />
    <TestEntry testId="f24b8079-7a7b-486d-9b45-80f98756b05d" executionId="2d0020bb-4151-4373-9f11-39bc5329cb0f" testListId="8c84fa94-04c1-424b-9868-57a2d4851a1d" />
    <TestEntry testId="a5e4b6a9-8a72-d442-9dc9-92cc31b491ee" executionId="ae7bee10-edfa-4836-94c9-404c050f4bdd" testListId="8c84fa94-04c1-424b-9868-57a2d4851a1d" />
    <TestEntry testId="bb0af259-8772-114f-7ba4-993c68cfbc60" executionId="cd64f440-e889-4aeb-8ff7-f23de0255846" testListId="8c84fa94-04c1-424b-9868-57a2d4851a1d" />
    <TestEntry testId="225680d3-3a0f-7f06-ee1a-59784201cb83" executionId="8dfdb893-6ead-42d5-91e3-266050471b08" testListId="8c84fa94-04c1-424b-9868-57a2d4851a1d" />
  </TestEntries>
  <Results>
    <UnitTestResult executionId="67ca05fd-7d66-4a62-af49-b7768edee6a6" testId="7c6fd982-741c-25f1-0717-02dff2f9a048" testName="GetConfigurationSection" computerName="W01319" duration="00:00:00.0251866" startTime="2013-09-11T09:01:32.1819371+10:00" endTime="2013-09-11T09:01:32.4119503+10:00" testType="13cdc9d9-ddb5-4fa4-a97d-d965ccfc6d4b" outcome="Failed" testListId="8c84fa94-04c1-424b-9868-57a2d4851a1d" relativeResultsDirectory="67ca05fd-7d66-4a62-af49-b7768edee6a6">
      <Output>
        <ErrorInfo>
          <Message>Assert.AreEqual failed. Expected:&lt;2048&gt;. Actual:&lt;524288&gt;. </Message>
          <StackTrace>   at Kenny.DbEngine.Core.Test.Unit.Configuration.VirtualFileSystemConfigurationTest.GetConfigurationSection() in C:\Users\mbarton\Documents\GitHub\JellyDb\Kenny.DbEngine.Core.Test\Unit\Configuration\VirtualFileSystemConfigurationTest.cs:line 19
</StackTrace>
        </ErrorInfo>
      </Output>
    </UnitTestResult>
    <UnitTestResult executionId="a8590d2f-b9c6-4162-956c-0e2734131267" testId="60908062-6452-d125-fe18-ff95ec4cdd44" testName="FileBasedPersistence_SaveAndGetScatteredData" computerName="W01319" duration="00:00:00.0099941" startTime="2013-09-11T09:01:32.4129503+10:00" endTime="2013-09-11T09:01:32.4249510+10:00" testType="13cdc9d9-ddb5-4fa4-a97d-d965ccfc6d4b" outcome="Failed" testListId="8c84fa94-04c1-424b-9868-57a2d4851a1d" relativeResultsDirectory="a8590d2f-b9c6-4162-956c-0e2734131267">
      <Output>
        <ErrorInfo>
          <Message>TestCleanup method Kenny.DbEngine.Core.Test.Integration.VirtualAddressSpace.FileBasedPersistenceTest.TestCleanup threw exception. System.UnauthorizedAccessException: System.UnauthorizedAccessException: Access to the path 'c:\Temp\DbEngine.db' is denied..</Message>
          <StackTrace>    at System.IO.__Error.WinIOError(Int32 errorCode, String maybeFullPath)
   at System.IO.File.Delete(String path)
   at Kenny.DbEngine.Core.Test.Integration.VirtualAddressSpace.FileBasedPersistenceTest.TestCleanup() in C:\Users\mbarton\Documents\GitHub\JellyDb\Kenny.DbEngine.Core.Test\Integration\VirtualAddressSpace\FileBasedPersistenceTest.cs:line 36
</StackTrace>
        </ErrorInfo>
      </Output>
    </UnitTestResult>
    <UnitTestResult executionId="2d0020bb-4151-4373-9f11-39bc5329cb0f" testId="f24b8079-7a7b-486d-9b45-80f98756b05d" testName="FileBasedPersistence_SaveAndGetContiguousData" computerName="W01319" duration="00:00:00.0052532" startTime="2013-09-11T09:01:32.4259511+10:00" endTime="2013-09-11T09:01:32.4329515+10:00" testType="13cdc9d9-ddb5-4fa4-a97d-d965ccfc6d4b" outcome="Failed" testListId="8c84fa94-04c1-424b-9868-57a2d4851a1d" relativeResultsDirectory="2d0020bb-4151-4373-9f11-39bc5329cb0f">
      <Output>
        <ErrorInfo>
          <Message>Test method Kenny.DbEngine.Core.Test.Integration.VirtualAddressSpace.FileBasedPersistenceTest.FileBasedPersistence_SaveAndGetContiguousData threw exception: 
System.IO.IOException: The process cannot access the file 'c:\Temp\DbEngine.db' because it is being used by another process.
TestCleanup method Kenny.DbEngine.Core.Test.Integration.VirtualAddressSpace.FileBasedPersistenceTest.TestCleanup threw exception. System.UnauthorizedAccessException: System.UnauthorizedAccessException: Access to the path 'c:\Temp\DbEngine.db' is denied..</Message>
          <StackTrace>    at System.IO.__Error.WinIOError(Int32 errorCode, String maybeFullPath)
   at System.IO.FileStream.Init(String path, FileMode mode, FileAccess access, Int32 rights, Boolean useRights, FileShare share, Int32 bufferSize, FileOptions options, SECURITY_ATTRIBUTES secAttrs, String msgPath, Boolean bFromProxy, Boolean useLongPath)
   at System.IO.FileStream..ctor(String path, FileMode mode, FileSystemRights rights, FileShare share, Int32 bufferSize, FileOptions options)
   at System.IO.MemoryMappedFiles.MemoryMappedFile.CreateFromFile(String path, FileMode mode, String mapName, Int64 capacity, MemoryMappedFileAccess access)
   at System.IO.MemoryMappedFiles.MemoryMappedFile.CreateFromFile(String path, FileMode mode, String mapName, Int64 capacity)
   at Kenny.DbEngine.Core.VirtualAddressSpace.FileDataPersistence..ctor() in C:\Users\mbarton\Documents\GitHub\JellyDb\Kenny.DbEngine.Core\VirtualAddressSpace\FileDataPersistence.cs:line 32
   at Kenny.DbEngine.Core.Test.Integration.VirtualAddressSpace.FileBasedPersistenceTest.FileBasedPersistence_SaveAndGetContiguousData() in C:\Users\mbarton\Documents\GitHub\JellyDb\Kenny.DbEngine.Core.Test\Integration\VirtualAddressSpace\FileBasedPersistenceTest.cs:line 53

TestCleanup Stack Trace
    at System.IO.__Error.WinIOError(Int32 errorCode, String maybeFullPath)
   at System.IO.File.Delete(String path)
   at Kenny.DbEngine.Core.Test.Integration.VirtualAddressSpace.FileBasedPersistenceTest.TestCleanup() in C:\Users\mbarton\Documents\GitHub\JellyDb\Kenny.DbEngine.Core.Test\Integration\VirtualAddressSpace\FileBasedPersistenceTest.cs:line 36
</StackTrace>
        </ErrorInfo>
      </Output>
    </UnitTestResult>
    <UnitTestResult executionId="ae7bee10-edfa-4836-94c9-404c050f4bdd" testId="a5e4b6a9-8a72-d442-9dc9-92cc31b491ee" testName="CreateBigFileTest" computerName="W01319" duration="00:00:00.4171542" startTime="2013-09-11T09:01:32.4339515+10:00" endTime="2013-09-11T09:01:32.8529755+10:00" testType="13cdc9d9-ddb5-4fa4-a97d-d965ccfc6d4b" outcome="Failed" testListId="8c84fa94-04c1-424b-9868-57a2d4851a1d" relativeResultsDirectory="ae7bee10-edfa-4836-94c9-404c050f4bdd">
      <Output>
        <ErrorInfo>
          <Message>Test method Kenny.DbEngine.Core.Test.Integration.VirtualAddressSpace.FileBasedPersistenceTest.CreateBigFileTest threw exception: 
System.IO.IOException: The process cannot access the file 'c:\Temp\DbEngine.db' because it is being used by another process.
TestCleanup method Kenny.DbEngine.Core.Test.Integration.VirtualAddressSpace.FileBasedPersistenceTest.TestCleanup threw exception. System.UnauthorizedAccessException: System.UnauthorizedAccessException: Access to the path 'c:\Temp\DbEngine.db' is denied..</Message>
          <StackTrace>    at System.IO.__Error.WinIOError(Int32 errorCode, String maybeFullPath)
   at System.IO.FileStream.Init(String path, FileMode mode, FileAccess access, Int32 rights, Boolean useRights, FileShare share, Int32 bufferSize, FileOptions options, SECURITY_ATTRIBUTES secAttrs, String msgPath, Boolean bFromProxy, Boolean useLongPath)
   at System.IO.FileStream..ctor(String path, FileMode mode, FileSystemRights rights, FileShare share, Int32 bufferSize, FileOptions options)
   at System.IO.MemoryMappedFiles.MemoryMappedFile.CreateFromFile(String path, FileMode mode, String mapName, Int64 capacity, MemoryMappedFileAccess access)
   at System.IO.MemoryMappedFiles.MemoryMappedFile.CreateFromFile(String path, FileMode mode, String mapName, Int64 capacity)
   at Kenny.DbEngine.Core.VirtualAddressSpace.FileDataPersistence.ExpandStorageFile() in C:\Users\mbarton\Documents\GitHub\JellyDb\Kenny.DbEngine.Core\VirtualAddressSpace\FileDataPersistence.cs:line 76
   at Kenny.DbEngine.Core.VirtualAddressSpace.FileDataPersistence.ExpandAddressSpace(Guid addressSpaceId) in C:\Users\mbarton\Documents\GitHub\JellyDb\Kenny.DbEngine.Core\VirtualAddressSpace\FileDataPersistence.cs:line 47
   at Kenny.DbEngine.Core.VirtualAddressSpace.FileDataPersistence.SetData(Guid addressSpaceId, Int64 offset, Int64 startIndex, Int64 numBytes, Byte[] dataBuffer) in C:\Users\mbarton\Documents\GitHub\JellyDb\Kenny.DbEngine.Core\VirtualAddressSpace\FileDataPersistence.cs:line 144
   at Kenny.DbEngine.Core.Test.Integration.VirtualAddressSpace.FileBasedPersistenceTest.CreateBigFileTest() in C:\Users\mbarton\Documents\GitHub\JellyDb\Kenny.DbEngine.Core.Test\Integration\VirtualAddressSpace\FileBasedPersistenceTest.cs:line 125

TestCleanup Stack Trace
    at System.IO.__Error.WinIOError(Int32 errorCode, String maybeFullPath)
   at System.IO.File.Delete(String path)
   at Kenny.DbEngine.Core.Test.Integration.VirtualAddressSpace.FileBasedPersistenceTest.TestCleanup() in C:\Users\mbarton\Documents\GitHub\JellyDb\Kenny.DbEngine.Core.Test\Integration\VirtualAddressSpace\FileBasedPersistenceTest.cs:line 36
</StackTrace>
        </ErrorInfo>
      </Output>
    </UnitTestResult>
    <UnitTestResult executionId="cd64f440-e889-4aeb-8ff7-f23de0255846" testId="bb0af259-8772-114f-7ba4-993c68cfbc60" testName="FileBasedPersitence_SaveMultipleAddressSpacesWithOneFullOfdata" computerName="W01319" duration="00:00:00.0025775" startTime="2013-09-11T09:01:32.8529755+10:00" endTime="2013-09-11T09:01:32.8579758+10:00" testType="13cdc9d9-ddb5-4fa4-a97d-d965ccfc6d4b" outcome="Failed" testListId="8c84fa94-04c1-424b-9868-57a2d4851a1d" relativeResultsDirectory="cd64f440-e889-4aeb-8ff7-f23de0255846">
      <Output>
        <ErrorInfo>
          <Message>Test method Kenny.DbEngine.Core.Test.Integration.VirtualAddressSpace.FileBasedPersistenceTest.FileBasedPersitence_SaveMultipleAddressSpacesWithOneFullOfdata threw exception: 
System.IO.IOException: The process cannot access the file 'c:\Temp\DbEngine.db' because it is being used by another process.
TestCleanup method Kenny.DbEngine.Core.Test.Integration.VirtualAddressSpace.FileBasedPersistenceTest.TestCleanup threw exception. System.UnauthorizedAccessException: System.UnauthorizedAccessException: Access to the path 'c:\Temp\DbEngine.db' is denied..</Message>
          <StackTrace>    at System.IO.__Error.WinIOError(Int32 errorCode, String maybeFullPath)
   at System.IO.FileStream.Init(String path, FileMode mode, FileAccess access, Int32 rights, Boolean useRights, FileShare share, Int32 bufferSize, FileOptions options, SECURITY_ATTRIBUTES secAttrs, String msgPath, Boolean bFromProxy, Boolean useLongPath)
   at System.IO.FileStream..ctor(String path, FileMode mode, FileSystemRights rights, FileShare share, Int32 bufferSize, FileOptions options)
   at System.IO.MemoryMappedFiles.MemoryMappedFile.CreateFromFile(String path, FileMode mode, String mapName, Int64 capacity, MemoryMappedFileAccess access)
   at System.IO.MemoryMappedFiles.MemoryMappedFile.CreateFromFile(String path, FileMode mode, String mapName, Int64 capacity)
   at Kenny.DbEngine.Core.VirtualAddressSpace.FileDataPersistence..ctor() in C:\Users\mbarton\Documents\GitHub\JellyDb\Kenny.DbEngine.Core\VirtualAddressSpace\FileDataPersistence.cs:line 32
   at Kenny.DbEngine.Core.Test.Integration.VirtualAddressSpace.FileBasedPersistenceTest.FileBasedPersitence_SaveMultipleAddressSpacesWithOneFullOfdata() in C:\Users\mbarton\Documents\GitHub\JellyDb\Kenny.DbEngine.Core.Test\Integration\VirtualAddressSpace\FileBasedPersistenceTest.cs:line 102

TestCleanup Stack Trace
    at System.IO.__Error.WinIOError(Int32 errorCode, String maybeFullPath)
   at System.IO.File.Delete(String path)
   at Kenny.DbEngine.Core.Test.Integration.VirtualAddressSpace.FileBasedPersistenceTest.TestCleanup() in C:\Users\mbarton\Documents\GitHub\JellyDb\Kenny.DbEngine.Core.Test\Integration\VirtualAddressSpace\FileBasedPersistenceTest.cs:line 36
</StackTrace>
        </ErrorInfo>
      </Output>
    </UnitTestResult>
    <UnitTestResult executionId="8dfdb893-6ead-42d5-91e3-266050471b08" testId="225680d3-3a0f-7f06-ee1a-59784201cb83" testName="FileBasedPersistence_CreateFilePersistence" computerName="W01319" duration="00:00:00.0021993" startTime="2013-09-11T09:01:32.8589759+10:00" endTime="2013-09-11T09:01:32.8629761+10:00" testType="13cdc9d9-ddb5-4fa4-a97d-d965ccfc6d4b" outcome="Failed" testListId="8c84fa94-04c1-424b-9868-57a2d4851a1d" relativeResultsDirectory="8dfdb893-6ead-42d5-91e3-266050471b08">
      <Output>
        <ErrorInfo>
          <Message>Test method Kenny.DbEngine.Core.Test.Integration.VirtualAddressSpace.FileBasedPersistenceTest.FileBasedPersistence_CreateFilePersistence threw exception: 
System.IO.IOException: The process cannot access the file 'c:\Temp\DbEngine.db.pages' because it is being used by another process.
TestCleanup method Kenny.DbEngine.Core.Test.Integration.VirtualAddressSpace.FileBasedPersistenceTest.TestCleanup threw exception. System.UnauthorizedAccessException: System.UnauthorizedAccessException: Access to the path 'c:\Temp\DbEngine.db' is denied..</Message>
          <StackTrace>    at System.IO.__Error.WinIOError(Int32 errorCode, String maybeFullPath)
   at System.IO.FileStream.Init(String path, FileMode mode, FileAccess access, Int32 rights, Boolean useRights, FileShare share, Int32 bufferSize, FileOptions options, SECURITY_ATTRIBUTES secAttrs, String msgPath, Boolean bFromProxy, Boolean useLongPath)
   at System.IO.FileStream..ctor(String path, FileMode mode, FileAccess access, FileShare share)
   at System.IO.File.Open(String path, FileMode mode, FileAccess access)
   at Kenny.DbEngine.Core.VirtualAddressSpace.FileDataPersistence..ctor() in C:\Users\mbarton\Documents\GitHub\JellyDb\Kenny.DbEngine.Core\VirtualAddressSpace\FileDataPersistence.cs:line 23
   at Kenny.DbEngine.Core.Test.Integration.VirtualAddressSpace.FileBasedPersistenceTest.FileBasedPersistence_CreateFilePersistence() in C:\Users\mbarton\Documents\GitHub\JellyDb\Kenny.DbEngine.Core.Test\Integration\VirtualAddressSpace\FileBasedPersistenceTest.cs:line 44

TestCleanup Stack Trace
    at System.IO.__Error.WinIOError(Int32 errorCode, String maybeFullPath)
   at System.IO.File.Delete(String path)
   at Kenny.DbEngine.Core.Test.Integration.VirtualAddressSpace.FileBasedPersistenceTest.TestCleanup() in C:\Users\mbarton\Documents\GitHub\JellyDb\Kenny.DbEngine.Core.Test\Integration\VirtualAddressSpace\FileBasedPersistenceTest.cs:line 36
</StackTrace>
        </ErrorInfo>
      </Output>
    </UnitTestResult>
  </Results>
</TestRun>