<?xml version="1.0" encoding="UTF-8"?>
<TestRun id="877b34d2-b22b-488f-9441-08a62cdeb31f" name="mbarton@W01319 2013-09-27 16:03:31" runUser="LEAP\mbarton" xmlns="http://microsoft.com/schemas/VisualStudio/TeamTest/2010">
  <TestSettings name="Default Test Settings" id="f3f7c50f-8333-4f46-a4bd-cdd648985b24">
    <Deployment runDeploymentRoot="mbarton_W01319 2013-09-27 16_03_31">
      <DeploymentItem filename="C:\Users\mbarton\Documents\GitHub\JellyDb\Libs\CastleWindsor\Castle.Core.dll" />
      <DeploymentItem filename="C:\Users\mbarton\Documents\GitHub\JellyDb\Libs\RhinoMock\Rhino.Mocks.dll" />
      <DeploymentItem filename="C:\Users\mbarton\Documents\GitHub\JellyDb\Libs\CastleWindsor\Castle.Windsor.dll" />
      <DeploymentItem filename="C:\Users\mbarton\Documents\GitHub\JellyDb\JellyDb.Core\bin\Debug\JellyDb.Core.dll" />
    </Deployment>
    <Execution>
      <TestTypeSpecific />
      <AgentRule name="Execution Agents">
      </AgentRule>
    </Execution>
  </TestSettings>
  <Times creation="2013-09-27T16:03:31.5355414+10:00" queuing="2013-09-27T16:03:32.9966249+10:00" start="2013-09-27T16:03:33.1656346+10:00" finish="2013-09-27T16:04:32.4840274+10:00" />
  <ResultSummary outcome="Error">
    <Counters total="1" executed="1" error="0" failed="0" timeout="0" aborted="1" inconclusive="0" passedButRunAborted="0" notRunnable="0" notExecuted="0" disconnected="0" warning="0" passed="0" completed="0" inProgress="0" pending="0" />
    <RunInfos>
      <RunInfo computerName="W01319" outcome="Error" timestamp="2013-09-27T16:04:32.4830274+10:00">
        <Text>Test host process exited unexpectedly.</Text>
      </RunInfo>
    </RunInfos>
  </ResultSummary>
  <TestDefinitions>
    <UnitTest name="CreateNodeAndInsertSequentially" storage="c:\users\mbarton\documents\github\jellydb\jellydb.core.test\bin\debug\jellydb.core.test.dll" id="a24b0ed5-cae6-3f94-750b-742a982a733e">
      <Execution id="8f220658-f09a-4b32-9763-ad34f57cbf6d" />
      <TestMethod codeBase="C:/Users/mbarton/Documents/GitHub/JellyDb/JellyDb.Core.Test/bin/Debug/JellyDb.Core.Test.DLL" adapterTypeName="Microsoft.VisualStudio.TestTools.TestTypes.Unit.UnitTestAdapter, Microsoft.VisualStudio.QualityTools.Tips.UnitTest.Adapter, Version=10.0.0.0, Culture=neutral, PublicKeyToken=b03f5f7f11d50a3a" className="JellyDb.Core.Test.Unit.Storage.BPTreeNodeTest, JellyDb.Core.Test, Version=1.0.0.0, Culture=neutral, PublicKeyToken=null" name="CreateNodeAndInsertSequentially" />
    </UnitTest>
  </TestDefinitions>
  <TestLists>
    <TestList name="Results Not in a List" id="8c84fa94-04c1-424b-9868-57a2d4851a1d" />
    <TestList name="All Loaded Results" id="19431567-8539-422a-85d7-44ee4e166bda" />
  </TestLists>
  <TestEntries>
    <TestEntry testId="a24b0ed5-cae6-3f94-750b-742a982a733e" executionId="8f220658-f09a-4b32-9763-ad34f57cbf6d" testListId="8c84fa94-04c1-424b-9868-57a2d4851a1d" />
  </TestEntries>
  <Results>
    <UnitTestResult executionId="8f220658-f09a-4b32-9763-ad34f57cbf6d" testId="a24b0ed5-cae6-3f94-750b-742a982a733e" testName="CreateNodeAndInsertSequentially" computerName="W01319" duration="00:00:59.1333822" startTime="2013-09-27T16:03:33.3506452+10:00" endTime="2013-09-27T16:04:32.4840274+10:00" testType="13cdc9d9-ddb5-4fa4-a97d-d965ccfc6d4b" outcome="Aborted" testListId="8c84fa94-04c1-424b-9868-57a2d4851a1d" relativeResultsDirectory="8f220658-f09a-4b32-9763-ad34f57cbf6d">
    </UnitTestResult>
  </Results>
</TestRun>