<?xml version="1.0" encoding="UTF-8"?>
<TestRun id="cdad1d24-b706-404a-8ec3-88d7a698bf69" name="mbarton@W01319 2013-09-30 12:09:32" runUser="LEAP\mbarton" xmlns="http://microsoft.com/schemas/VisualStudio/TeamTest/2010">
  <TestSettings name="Default Test Settings" id="ae0848db-5ff3-4b18-9e31-62f5ecadd00e">
    <Deployment runDeploymentRoot="mbarton_W01319 2013-09-30 12_09_32">
      <DeploymentItem filename="C:\Users\mbarton\Documents\GitHub\JellyDb\Libs\CastleWindsor\Castle.Core.dll" />
      <DeploymentItem filename="C:\Users\mbarton\Documents\GitHub\JellyDb\Libs\RhinoMock\Rhino.Mocks.dll" />
      <DeploymentItem filename="C:\Users\mbarton\Documents\GitHub\JellyDb\Libs\CastleWindsor\Castle.Windsor.dll" />
      <DeploymentItem filename="C:\Users\mbarton\Documents\GitHub\JellyDb\JellyDb.Core\bin\Debug\JellyDb.Core.dll" />
    </Deployment>
    <Execution>
      <TestTypeSpecific />
      <AgentRule name="Execution Agents">
      </AgentRule>
    </Execution>
  </TestSettings>
  <Times creation="2013-09-30T12:09:32.0935870+10:00" queuing="2013-09-30T12:09:33.4306634+10:00" start="2013-09-30T12:09:33.6366752+10:00" finish="2013-09-30T12:09:50.7646549+10:00" />
  <ResultSummary outcome="Completed">
    <Counters total="1" executed="1" passed="1" error="0" failed="0" timeout="0" aborted="0" inconclusive="0" passedButRunAborted="0" notRunnable="0" notExecuted="0" disconnected="0" warning="0" completed="0" inProgress="0" pending="0" />
  </ResultSummary>
  <TestDefinitions>
    <UnitTest name="CreateNodeAndInsertSequentially" storage="c:\users\mbarton\documents\github\jellydb\jellydb.core.test\bin\debug\jellydb.core.test.dll" id="a24b0ed5-cae6-3f94-750b-742a982a733e">
      <Execution id="ba738733-b435-43fb-8a91-64e6759b440f" />
      <TestMethod codeBase="C:/Users/mbarton/Documents/GitHub/JellyDb/JellyDb.Core.Test/bin/Debug/JellyDb.Core.Test.DLL" adapterTypeName="Microsoft.VisualStudio.TestTools.TestTypes.Unit.UnitTestAdapter, Microsoft.VisualStudio.QualityTools.Tips.UnitTest.Adapter, Version=10.0.0.0, Culture=neutral, PublicKeyToken=b03f5f7f11d50a3a" className="JellyDb.Core.Test.Unit.Storage.BPTreeNodeTest, JellyDb.Core.Test, Version=1.0.0.0, Culture=neutral, PublicKeyToken=null" name="CreateNodeAndInsertSequentially" />
    </UnitTest>
  </TestDefinitions>
  <TestLists>
    <TestList name="Results Not in a List" id="8c84fa94-04c1-424b-9868-57a2d4851a1d" />
    <TestList name="All Loaded Results" id="19431567-8539-422a-85d7-44ee4e166bda" />
  </TestLists>
  <TestEntries>
    <TestEntry testId="a24b0ed5-cae6-3f94-750b-742a982a733e" executionId="ba738733-b435-43fb-8a91-64e6759b440f" testListId="8c84fa94-04c1-424b-9868-57a2d4851a1d" />
  </TestEntries>
  <Results>
    <UnitTestResult executionId="ba738733-b435-43fb-8a91-64e6759b440f" testId="a24b0ed5-cae6-3f94-750b-742a982a733e" testName="CreateNodeAndInsertSequentially" computerName="W01319" duration="00:00:15.3714547" startTime="2013-09-30T12:09:33.8666884+10:00" endTime="2013-09-30T12:09:50.6976510+10:00" testType="13cdc9d9-ddb5-4fa4-a97d-d965ccfc6d4b" outcome="Passed" testListId="8c84fa94-04c1-424b-9868-57a2d4851a1d" relativeResultsDirectory="ba738733-b435-43fb-8a91-64e6759b440f">
    </UnitTestResult>
  </Results>
</TestRun>