<?xml version="1.0" encoding="UTF-8"?>
<TestRun id="6bac3b52-70dc-4968-ae5b-9371c3366285" name="mbarton@W01319 2013-09-27 09:18:10" runUser="LEAP\mbarton" xmlns="http://microsoft.com/schemas/VisualStudio/TeamTest/2010">
  <TestSettings name="Default Test Settings" id="54d6158b-2647-4548-9a84-09a454c882d5">
    <Deployment runDeploymentRoot="mbarton_W01319 2013-09-27 09_18_10">
      <DeploymentItem filename="C:\Users\mbarton\Documents\GitHub\JellyDb\Libs\CastleWindsor\Castle.Core.dll" />
      <DeploymentItem filename="C:\Users\mbarton\Documents\GitHub\JellyDb\Libs\RhinoMock\Rhino.Mocks.dll" />
      <DeploymentItem filename="C:\Users\mbarton\Documents\GitHub\JellyDb\Libs\CastleWindsor\Castle.Windsor.dll" />
      <DeploymentItem filename="C:\Users\mbarton\Documents\GitHub\JellyDb\JellyDb.Core\bin\Debug\JellyDb.Core.dll" />
    </Deployment>
    <Execution>
      <TestTypeSpecific />
      <AgentRule name="Execution Agents">
      </AgentRule>
    </Execution>
  </TestSettings>
  <Times creation="2013-09-27T09:18:10.7394714+10:00" queuing="2013-09-27T09:18:11.8455347+10:00" start="2013-09-27T09:18:11.9965433+10:00" finish="2013-09-27T09:18:20.4570272+10:00" />
  <ResultSummary outcome="Completed">
    <Counters total="1" executed="1" passed="1" error="0" failed="0" timeout="0" aborted="0" inconclusive="0" passedButRunAborted="0" notRunnable="0" notExecuted="0" disconnected="0" warning="0" completed="0" inProgress="0" pending="0" />
  </ResultSummary>
  <TestDefinitions>
    <UnitTest name="CreateNodeAndInsertOneSeq" storage="c:\users\mbarton\documents\github\jellydb\jellydb.core.test\bin\debug\jellydb.core.test.dll" id="ad480e63-0564-c719-966f-fb5ef85845f6">
      <Execution id="637454e5-c9f1-49e9-bc64-a1f911d649da" />
      <TestMethod codeBase="C:/Users/mbarton/Documents/GitHub/JellyDb/JellyDb.Core.Test/bin/Debug/JellyDb.Core.Test.DLL" adapterTypeName="Microsoft.VisualStudio.TestTools.TestTypes.Unit.UnitTestAdapter, Microsoft.VisualStudio.QualityTools.Tips.UnitTest.Adapter, Version=10.0.0.0, Culture=neutral, PublicKeyToken=b03f5f7f11d50a3a" className="JellyDb.Core.Test.Unit.Storage.BPTreeNodeTest, JellyDb.Core.Test, Version=1.0.0.0, Culture=neutral, PublicKeyToken=null" name="CreateNodeAndInsertOneSeq" />
    </UnitTest>
  </TestDefinitions>
  <TestLists>
    <TestList name="Results Not in a List" id="8c84fa94-04c1-424b-9868-57a2d4851a1d" />
    <TestList name="All Loaded Results" id="19431567-8539-422a-85d7-44ee4e166bda" />
  </TestLists>
  <TestEntries>
    <TestEntry testId="ad480e63-0564-c719-966f-fb5ef85845f6" executionId="637454e5-c9f1-49e9-bc64-a1f911d649da" testListId="8c84fa94-04c1-424b-9868-57a2d4851a1d" />
  </TestEntries>
  <Results>
    <UnitTestResult executionId="637454e5-c9f1-49e9-bc64-a1f911d649da" testId="ad480e63-0564-c719-966f-fb5ef85845f6" testName="CreateNodeAndInsertOneSeq" computerName="W01319" duration="00:00:07.1410462" startTime="2013-09-27T09:18:12.1455518+10:00" endTime="2013-09-27T09:18:20.3660220+10:00" testType="13cdc9d9-ddb5-4fa4-a97d-d965ccfc6d4b" outcome="Passed" testListId="8c84fa94-04c1-424b-9868-57a2d4851a1d" relativeResultsDirectory="637454e5-c9f1-49e9-bc64-a1f911d649da">
    </UnitTestResult>
  </Results>
</TestRun>