<?xml version="1.0" encoding="UTF-8"?>
<TestRun id="b18f8dec-bb24-4d2e-916a-56e18dcb9d2c" name="mbarton@W01319 2013-09-11 09:15:37" runUser="LEAP\mbarton" xmlns="http://microsoft.com/schemas/VisualStudio/TeamTest/2010">
  <TestSettings name="Default Test Settings" id="b5efbc7c-31cc-41b0-8fda-37d3be742fa2">
    <Deployment userDeploymentRoot="C:\Users\mbarton\Documents\GitHub\JellyDb\TestResults" useDefaultDeploymentRoot="false" runDeploymentRoot="mbarton_W01319 2013-09-11 09_15_37">
      <DeploymentItem filename="C:\Users\mbarton\Documents\GitHub\JellyDb\Libs\Castle.Core.dll" />
      <DeploymentItem filename="C:\Users\mbarton\Documents\GitHub\JellyDb\Libs\Rhino.Mocks.dll" />
      <DeploymentItem filename="C:\Users\mbarton\Documents\GitHub\JellyDb\Libs\Castle.Windsor.dll" />
      <DeploymentItem filename="C:\Users\mbarton\Documents\GitHub\JellyDb\Kenny.DbEngine.Core\bin\Debug\Kenny.DbEngine.Core.dll" />
    </Deployment>
    <Execution>
      <TestTypeSpecific />
      <AgentRule name="Execution Agents">
      </AgentRule>
    </Execution>
  </TestSettings>
  <Times creation="2013-09-11T09:15:37.0122587+10:00" queuing="2013-09-11T09:15:37.1202648+10:00" start="2013-09-11T09:15:37.1252651+10:00" finish="2013-09-11T09:15:37.7252994+10:00" />
  <ResultSummary outcome="Failed">
    <Counters total="5" executed="5" error="0" failed="5" timeout="0" aborted="0" inconclusive="0" passedButRunAborted="0" notRunnable="0" notExecuted="0" disconnected="0" warning="0" passed="0" completed="0" inProgress="0" pending="0" />
  </ResultSummary>
  <TestDefinitions>
    <UnitTest name="FileBasedPersistence_CreateFilePersistence" storage="c:\users\mbarton\documents\github\jellydb\kenny.dbengine.core.test\bin\debug\kenny.dbengine.core.test.dll" id="225680d3-3a0f-7f06-ee1a-59784201cb83">
      <Execution id="269aac72-fd43-4073-be02-568c88e510ec" />
      <TestMethod codeBase="C:/Users/mbarton/Documents/GitHub/JellyDb/Kenny.DbEngine.Core.Test/bin/Debug/Kenny.DbEngine.Core.Test.DLL" adapterTypeName="Microsoft.VisualStudio.TestTools.TestTypes.Unit.UnitTestAdapter, Microsoft.VisualStudio.QualityTools.Tips.UnitTest.Adapter, Version=10.0.0.0, Culture=neutral, PublicKeyToken=b03f5f7f11d50a3a" className="Kenny.DbEngine.Core.Test.Integration.VirtualAddressSpace.FileBasedPersistenceTest, Kenny.DbEngine.Core.Test, Version=1.0.0.0, Culture=neutral, PublicKeyToken=null" name="FileBasedPersistence_CreateFilePersistence" />
    </UnitTest>
    <UnitTest name="FileBasedPersistence_SaveAndGetScatteredData" storage="c:\users\mbarton\documents\github\jellydb\kenny.dbengine.core.test\bin\debug\kenny.dbengine.core.test.dll" id="60908062-6452-d125-fe18-ff95ec4cdd44">
      <Execution id="d5e1e820-f0e4-4513-8052-61f8fb01cd5e" />
      <TestMethod codeBase="C:/Users/mbarton/Documents/GitHub/JellyDb/Kenny.DbEngine.Core.Test/bin/Debug/Kenny.DbEngine.Core.Test.DLL" adapterTypeName="Microsoft.VisualStudio.TestTools.TestTypes.Unit.UnitTestAdapter, Microsoft.VisualStudio.QualityTools.Tips.UnitTest.Adapter, Version=10.0.0.0, Culture=neutral, PublicKeyToken=b03f5f7f11d50a3a" className="Kenny.DbEngine.Core.Test.Integration.VirtualAddressSpace.FileBasedPersistenceTest, Kenny.DbEngine.Core.Test, Version=1.0.0.0, Culture=neutral, PublicKeyToken=null" name="FileBasedPersistence_SaveAndGetScatteredData" />
    </UnitTest>
    <UnitTest name="FileBasedPersistence_SaveAndGetContiguousData" storage="c:\users\mbarton\documents\github\jellydb\kenny.dbengine.core.test\bin\debug\kenny.dbengine.core.test.dll" id="f24b8079-7a7b-486d-9b45-80f98756b05d">
      <Execution id="c1dd7674-6679-459d-9704-dbff44d3f3d4" />
      <TestMethod codeBase="C:/Users/mbarton/Documents/GitHub/JellyDb/Kenny.DbEngine.Core.Test/bin/Debug/Kenny.DbEngine.Core.Test.DLL" adapterTypeName="Microsoft.VisualStudio.TestTools.TestTypes.Unit.UnitTestAdapter, Microsoft.VisualStudio.QualityTools.Tips.UnitTest.Adapter, Version=10.0.0.0, Culture=neutral, PublicKeyToken=b03f5f7f11d50a3a" className="Kenny.DbEngine.Core.Test.Integration.VirtualAddressSpace.FileBasedPersistenceTest, Kenny.DbEngine.Core.Test, Version=1.0.0.0, Culture=neutral, PublicKeyToken=null" name="FileBasedPersistence_SaveAndGetContiguousData" />
    </UnitTest>
    <UnitTest name="CreateBigFileTest" storage="c:\users\mbarton\documents\github\jellydb\kenny.dbengine.core.test\bin\debug\kenny.dbengine.core.test.dll" id="a5e4b6a9-8a72-d442-9dc9-92cc31b491ee">
      <Execution id="833ccd3e-077a-447d-865f-6bac80c50e2b" />
      <TestMethod codeBase="C:/Users/mbarton/Documents/GitHub/JellyDb/Kenny.DbEngine.Core.Test/bin/Debug/Kenny.DbEngine.Core.Test.DLL" adapterTypeName="Microsoft.VisualStudio.TestTools.TestTypes.Unit.UnitTestAdapter, Microsoft.VisualStudio.QualityTools.Tips.UnitTest.Adapter, Version=10.0.0.0, Culture=neutral, PublicKeyToken=b03f5f7f11d50a3a" className="Kenny.DbEngine.Core.Test.Integration.VirtualAddressSpace.FileBasedPersistenceTest, Kenny.DbEngine.Core.Test, Version=1.0.0.0, Culture=neutral, PublicKeyToken=null" name="CreateBigFileTest" />
    </UnitTest>
    <UnitTest name="FileBasedPersitence_SaveMultipleAddressSpacesWithOneFullOfdata" storage="c:\users\mbarton\documents\github\jellydb\kenny.dbengine.core.test\bin\debug\kenny.dbengine.core.test.dll" id="bb0af259-8772-114f-7ba4-993c68cfbc60">
      <Execution id="6a79cade-47d0-479b-8fe1-fbd8548bb880" />
      <TestMethod codeBase="C:/Users/mbarton/Documents/GitHub/JellyDb/Kenny.DbEngine.Core.Test/bin/Debug/Kenny.DbEngine.Core.Test.DLL" adapterTypeName="Microsoft.VisualStudio.TestTools.TestTypes.Unit.UnitTestAdapter, Microsoft.VisualStudio.QualityTools.Tips.UnitTest.Adapter, Version=10.0.0.0, Culture=neutral, PublicKeyToken=b03f5f7f11d50a3a" className="Kenny.DbEngine.Core.Test.Integration.VirtualAddressSpace.FileBasedPersistenceTest, Kenny.DbEngine.Core.Test, Version=1.0.0.0, Culture=neutral, PublicKeyToken=null" name="FileBasedPersitence_SaveMultipleAddressSpacesWithOneFullOfdata" />
    </UnitTest>
  </TestDefinitions>
  <TestLists>
    <TestList name="Results Not in a List" id="8c84fa94-04c1-424b-9868-57a2d4851a1d" />
    <TestList name="All Loaded Results" id="19431567-8539-422a-85d7-44ee4e166bda" />
  </TestLists>
  <TestEntries>
    <TestEntry testId="225680d3-3a0f-7f06-ee1a-59784201cb83" executionId="269aac72-fd43-4073-be02-568c88e510ec" testListId="8c84fa94-04c1-424b-9868-57a2d4851a1d" />
    <TestEntry testId="60908062-6452-d125-fe18-ff95ec4cdd44" executionId="d5e1e820-f0e4-4513-8052-61f8fb01cd5e" testListId="8c84fa94-04c1-424b-9868-57a2d4851a1d" />
    <TestEntry testId="bb0af259-8772-114f-7ba4-993c68cfbc60" executionId="6a79cade-47d0-479b-8fe1-fbd8548bb880" testListId="8c84fa94-04c1-424b-9868-57a2d4851a1d" />
    <TestEntry testId="f24b8079-7a7b-486d-9b45-80f98756b05d" executionId="c1dd7674-6679-459d-9704-dbff44d3f3d4" testListId="8c84fa94-04c1-424b-9868-57a2d4851a1d" />
    <TestEntry testId="a5e4b6a9-8a72-d442-9dc9-92cc31b491ee" executionId="833ccd3e-077a-447d-865f-6bac80c50e2b" testListId="8c84fa94-04c1-424b-9868-57a2d4851a1d" />
  </TestEntries>
  <Results>
    <UnitTestResult executionId="269aac72-fd43-4073-be02-568c88e510ec" testId="225680d3-3a0f-7f06-ee1a-59784201cb83" testName="FileBasedPersistence_CreateFilePersistence" computerName="W01319" duration="00:00:00.0235747" startTime="2013-09-11T09:15:37.1262652+10:00" endTime="2013-09-11T09:15:37.3312769+10:00" testType="13cdc9d9-ddb5-4fa4-a97d-d965ccfc6d4b" outcome="Failed" testListId="8c84fa94-04c1-424b-9868-57a2d4851a1d" relativeResultsDirectory="269aac72-fd43-4073-be02-568c88e510ec">
      <Output>
        <ErrorInfo>
          <Message>TestCleanup method Kenny.DbEngine.Core.Test.Integration.VirtualAddressSpace.FileBasedPersistenceTest.TestCleanup threw exception. System.UnauthorizedAccessException: System.UnauthorizedAccessException: Access to the path 'c:\Temp\DbEngine.db' is denied..</Message>
          <StackTrace>    at System.IO.__Error.WinIOError(Int32 errorCode, String maybeFullPath)
   at System.IO.File.Delete(String path)
   at Kenny.DbEngine.Core.Test.Integration.VirtualAddressSpace.FileBasedPersistenceTest.TestCleanup() in C:\Users\mbarton\Documents\GitHub\JellyDb\Kenny.DbEngine.Core.Test\Integration\VirtualAddressSpace\FileBasedPersistenceTest.cs:line 36
</StackTrace>
        </ErrorInfo>
      </Output>
    </UnitTestResult>
    <UnitTestResult executionId="d5e1e820-f0e4-4513-8052-61f8fb01cd5e" testId="60908062-6452-d125-fe18-ff95ec4cdd44" testName="FileBasedPersistence_SaveAndGetScatteredData" computerName="W01319" duration="00:00:00.0055111" startTime="2013-09-11T09:15:37.3322770+10:00" endTime="2013-09-11T09:15:37.3392774+10:00" testType="13cdc9d9-ddb5-4fa4-a97d-d965ccfc6d4b" outcome="Failed" testListId="8c84fa94-04c1-424b-9868-57a2d4851a1d" relativeResultsDirectory="d5e1e820-f0e4-4513-8052-61f8fb01cd5e">
      <Output>
        <ErrorInfo>
          <Message>Test method Kenny.DbEngine.Core.Test.Integration.VirtualAddressSpace.FileBasedPersistenceTest.FileBasedPersistence_SaveAndGetScatteredData threw exception: 
System.IO.IOException: The process cannot access the file 'c:\Temp\DbEngine.db' because it is being used by another process.
TestCleanup method Kenny.DbEngine.Core.Test.Integration.VirtualAddressSpace.FileBasedPersistenceTest.TestCleanup threw exception. System.UnauthorizedAccessException: System.UnauthorizedAccessException: Access to the path 'c:\Temp\DbEngine.db' is denied..</Message>
          <StackTrace>    at System.IO.__Error.WinIOError(Int32 errorCode, String maybeFullPath)
   at System.IO.FileStream.Init(String path, FileMode mode, FileAccess access, Int32 rights, Boolean useRights, FileShare share, Int32 bufferSize, FileOptions options, SECURITY_ATTRIBUTES secAttrs, String msgPath, Boolean bFromProxy, Boolean useLongPath)
   at System.IO.FileStream..ctor(String path, FileMode mode, FileSystemRights rights, FileShare share, Int32 bufferSize, FileOptions options)
   at System.IO.MemoryMappedFiles.MemoryMappedFile.CreateFromFile(String path, FileMode mode, String mapName, Int64 capacity, MemoryMappedFileAccess access)
   at System.IO.MemoryMappedFiles.MemoryMappedFile.CreateFromFile(String path, FileMode mode, String mapName, Int64 capacity)
   at Kenny.DbEngine.Core.VirtualAddressSpace.FileDataPersistence..ctor() in C:\Users\mbarton\Documents\GitHub\JellyDb\Kenny.DbEngine.Core\VirtualAddressSpace\FileDataPersistence.cs:line 32
   at Kenny.DbEngine.Core.Test.Integration.VirtualAddressSpace.FileBasedPersistenceTest.FileBasedPersistence_SaveAndGetScatteredData() in C:\Users\mbarton\Documents\GitHub\JellyDb\Kenny.DbEngine.Core.Test\Integration\VirtualAddressSpace\FileBasedPersistenceTest.cs:line 69

TestCleanup Stack Trace
    at System.IO.__Error.WinIOError(Int32 errorCode, String maybeFullPath)
   at System.IO.File.Delete(String path)
   at Kenny.DbEngine.Core.Test.Integration.VirtualAddressSpace.FileBasedPersistenceTest.TestCleanup() in C:\Users\mbarton\Documents\GitHub\JellyDb\Kenny.DbEngine.Core.Test\Integration\VirtualAddressSpace\FileBasedPersistenceTest.cs:line 36
</StackTrace>
        </ErrorInfo>
      </Output>
    </UnitTestResult>
    <UnitTestResult executionId="6a79cade-47d0-479b-8fe1-fbd8548bb880" testId="bb0af259-8772-114f-7ba4-993c68cfbc60" testName="FileBasedPersitence_SaveMultipleAddressSpacesWithOneFullOfdata" computerName="W01319" duration="00:00:00.0020251" startTime="2013-09-11T09:15:37.3402774+10:00" endTime="2013-09-11T09:15:37.3432776+10:00" testType="13cdc9d9-ddb5-4fa4-a97d-d965ccfc6d4b" outcome="Failed" testListId="8c84fa94-04c1-424b-9868-57a2d4851a1d" relativeResultsDirectory="6a79cade-47d0-479b-8fe1-fbd8548bb880">
      <Output>
        <ErrorInfo>
          <Message>Test method Kenny.DbEngine.Core.Test.Integration.VirtualAddressSpace.FileBasedPersistenceTest.FileBasedPersitence_SaveMultipleAddressSpacesWithOneFullOfdata threw exception: 
System.IO.IOException: The process cannot access the file 'c:\Temp\DbEngine.db.pages' because it is being used by another process.
TestCleanup method Kenny.DbEngine.Core.Test.Integration.VirtualAddressSpace.FileBasedPersistenceTest.TestCleanup threw exception. System.UnauthorizedAccessException: System.UnauthorizedAccessException: Access to the path 'c:\Temp\DbEngine.db' is denied..</Message>
          <StackTrace>    at System.IO.__Error.WinIOError(Int32 errorCode, String maybeFullPath)
   at System.IO.FileStream.Init(String path, FileMode mode, FileAccess access, Int32 rights, Boolean useRights, FileShare share, Int32 bufferSize, FileOptions options, SECURITY_ATTRIBUTES secAttrs, String msgPath, Boolean bFromProxy, Boolean useLongPath)
   at System.IO.FileStream..ctor(String path, FileMode mode, FileAccess access, FileShare share)
   at System.IO.File.Open(String path, FileMode mode, FileAccess access)
   at Kenny.DbEngine.Core.VirtualAddressSpace.FileDataPersistence..ctor() in C:\Users\mbarton\Documents\GitHub\JellyDb\Kenny.DbEngine.Core\VirtualAddressSpace\FileDataPersistence.cs:line 23
   at Kenny.DbEngine.Core.Test.Integration.VirtualAddressSpace.FileBasedPersistenceTest.FileBasedPersitence_SaveMultipleAddressSpacesWithOneFullOfdata() in C:\Users\mbarton\Documents\GitHub\JellyDb\Kenny.DbEngine.Core.Test\Integration\VirtualAddressSpace\FileBasedPersistenceTest.cs:line 102

TestCleanup Stack Trace
    at System.IO.__Error.WinIOError(Int32 errorCode, String maybeFullPath)
   at System.IO.File.Delete(String path)
   at Kenny.DbEngine.Core.Test.Integration.VirtualAddressSpace.FileBasedPersistenceTest.TestCleanup() in C:\Users\mbarton\Documents\GitHub\JellyDb\Kenny.DbEngine.Core.Test\Integration\VirtualAddressSpace\FileBasedPersistenceTest.cs:line 36
</StackTrace>
        </ErrorInfo>
      </Output>
    </UnitTestResult>
    <UnitTestResult executionId="c1dd7674-6679-459d-9704-dbff44d3f3d4" testId="f24b8079-7a7b-486d-9b45-80f98756b05d" testName="FileBasedPersistence_SaveAndGetContiguousData" computerName="W01319" duration="00:00:00.0020222" startTime="2013-09-11T09:15:37.3442776+10:00" endTime="2013-09-11T09:15:37.3482779+10:00" testType="13cdc9d9-ddb5-4fa4-a97d-d965ccfc6d4b" outcome="Failed" testListId="8c84fa94-04c1-424b-9868-57a2d4851a1d" relativeResultsDirectory="c1dd7674-6679-459d-9704-dbff44d3f3d4">
      <Output>
        <ErrorInfo>
          <Message>Test method Kenny.DbEngine.Core.Test.Integration.VirtualAddressSpace.FileBasedPersistenceTest.FileBasedPersistence_SaveAndGetContiguousData threw exception: 
System.IO.IOException: The process cannot access the file 'c:\Temp\DbEngine.db.pages' because it is being used by another process.
TestCleanup method Kenny.DbEngine.Core.Test.Integration.VirtualAddressSpace.FileBasedPersistenceTest.TestCleanup threw exception. System.UnauthorizedAccessException: System.UnauthorizedAccessException: Access to the path 'c:\Temp\DbEngine.db' is denied..</Message>
          <StackTrace>    at System.IO.__Error.WinIOError(Int32 errorCode, String maybeFullPath)
   at System.IO.FileStream.Init(String path, FileMode mode, FileAccess access, Int32 rights, Boolean useRights, FileShare share, Int32 bufferSize, FileOptions options, SECURITY_ATTRIBUTES secAttrs, String msgPath, Boolean bFromProxy, Boolean useLongPath)
   at System.IO.FileStream..ctor(String path, FileMode mode, FileAccess access, FileShare share)
   at System.IO.File.Open(String path, FileMode mode, FileAccess access)
   at Kenny.DbEngine.Core.VirtualAddressSpace.FileDataPersistence..ctor() in C:\Users\mbarton\Documents\GitHub\JellyDb\Kenny.DbEngine.Core\VirtualAddressSpace\FileDataPersistence.cs:line 23
   at Kenny.DbEngine.Core.Test.Integration.VirtualAddressSpace.FileBasedPersistenceTest.FileBasedPersistence_SaveAndGetContiguousData() in C:\Users\mbarton\Documents\GitHub\JellyDb\Kenny.DbEngine.Core.Test\Integration\VirtualAddressSpace\FileBasedPersistenceTest.cs:line 53

TestCleanup Stack Trace
    at System.IO.__Error.WinIOError(Int32 errorCode, String maybeFullPath)
   at System.IO.File.Delete(String path)
   at Kenny.DbEngine.Core.Test.Integration.VirtualAddressSpace.FileBasedPersistenceTest.TestCleanup() in C:\Users\mbarton\Documents\GitHub\JellyDb\Kenny.DbEngine.Core.Test\Integration\VirtualAddressSpace\FileBasedPersistenceTest.cs:line 36
</StackTrace>
        </ErrorInfo>
      </Output>
    </UnitTestResult>
    <UnitTestResult executionId="833ccd3e-077a-447d-865f-6bac80c50e2b" testId="a5e4b6a9-8a72-d442-9dc9-92cc31b491ee" testName="CreateBigFileTest" computerName="W01319" duration="00:00:00.3651086" startTime="2013-09-11T09:15:37.3482779+10:00" endTime="2013-09-11T09:15:37.7152989+10:00" testType="13cdc9d9-ddb5-4fa4-a97d-d965ccfc6d4b" outcome="Failed" testListId="8c84fa94-04c1-424b-9868-57a2d4851a1d" relativeResultsDirectory="833ccd3e-077a-447d-865f-6bac80c50e2b">
      <Output>
        <ErrorInfo>
          <Message>Test method Kenny.DbEngine.Core.Test.Integration.VirtualAddressSpace.FileBasedPersistenceTest.CreateBigFileTest threw exception: 
System.IO.IOException: The process cannot access the file 'c:\Temp\DbEngine.db.pages' because it is being used by another process.
TestCleanup method Kenny.DbEngine.Core.Test.Integration.VirtualAddressSpace.FileBasedPersistenceTest.TestCleanup threw exception. System.UnauthorizedAccessException: System.UnauthorizedAccessException: Access to the path 'c:\Temp\DbEngine.db' is denied..</Message>
          <StackTrace>    at System.IO.__Error.WinIOError(Int32 errorCode, String maybeFullPath)
   at System.IO.FileStream.Init(String path, FileMode mode, FileAccess access, Int32 rights, Boolean useRights, FileShare share, Int32 bufferSize, FileOptions options, SECURITY_ATTRIBUTES secAttrs, String msgPath, Boolean bFromProxy, Boolean useLongPath)
   at System.IO.FileStream..ctor(String path, FileMode mode, FileAccess access, FileShare share)
   at System.IO.File.Open(String path, FileMode mode, FileAccess access)
   at Kenny.DbEngine.Core.VirtualAddressSpace.FileDataPersistence..ctor() in C:\Users\mbarton\Documents\GitHub\JellyDb\Kenny.DbEngine.Core\VirtualAddressSpace\FileDataPersistence.cs:line 23
   at Kenny.DbEngine.Core.Test.Integration.VirtualAddressSpace.FileBasedPersistenceTest.CreateBigFileTest() in C:\Users\mbarton\Documents\GitHub\JellyDb\Kenny.DbEngine.Core.Test\Integration\VirtualAddressSpace\FileBasedPersistenceTest.cs:line 121

TestCleanup Stack Trace
    at System.IO.__Error.WinIOError(Int32 errorCode, String maybeFullPath)
   at System.IO.File.Delete(String path)
   at Kenny.DbEngine.Core.Test.Integration.VirtualAddressSpace.FileBasedPersistenceTest.TestCleanup() in C:\Users\mbarton\Documents\GitHub\JellyDb\Kenny.DbEngine.Core.Test\Integration\VirtualAddressSpace\FileBasedPersistenceTest.cs:line 36
</StackTrace>
        </ErrorInfo>
      </Output>
    </UnitTestResult>
  </Results>
</TestRun>