<?xml version="1.0" encoding="UTF-8"?>
<TestRun id="7feb4f69-5517-463d-ad29-68b4711b056a" name="mbarton@W01319 2013-09-27 09:20:33" runUser="LEAP\mbarton" xmlns="http://microsoft.com/schemas/VisualStudio/TeamTest/2010">
  <TestSettings name="Default Test Settings" id="4ee0695a-e8c9-4ba1-b8d3-340d16593c15">
    <Deployment runDeploymentRoot="mbarton_W01319 2013-09-27 09_20_33">
      <DeploymentItem filename="C:\Users\mbarton\Documents\GitHub\JellyDb\Libs\CastleWindsor\Castle.Core.dll" />
      <DeploymentItem filename="C:\Users\mbarton\Documents\GitHub\JellyDb\Libs\RhinoMock\Rhino.Mocks.dll" />
      <DeploymentItem filename="C:\Users\mbarton\Documents\GitHub\JellyDb\Libs\CastleWindsor\Castle.Windsor.dll" />
      <DeploymentItem filename="C:\Users\mbarton\Documents\GitHub\JellyDb\JellyDb.Core\bin\Debug\JellyDb.Core.dll" />
    </Deployment>
    <Execution>
      <TestTypeSpecific />
      <AgentRule name="Execution Agents">
      </AgentRule>
    </Execution>
  </TestSettings>
  <Times creation="2013-09-27T09:20:33.1796185+10:00" queuing="2013-09-27T09:20:34.5616976+10:00" start="2013-09-27T09:20:34.7807101+10:00" finish="2013-09-27T09:20:39.1239585+10:00" />
  <ResultSummary outcome="Completed">
    <Counters total="4" executed="4" passed="4" error="0" failed="0" timeout="0" aborted="0" inconclusive="0" passedButRunAborted="0" notRunnable="0" notExecuted="0" disconnected="0" warning="0" completed="0" inProgress="0" pending="0" />
  </ResultSummary>
  <TestDefinitions>
    <UnitTest name="CreateNodeAndInsertOneUnSeq" storage="c:\users\mbarton\documents\github\jellydb\jellydb.core.test\bin\debug\jellydb.core.test.dll" id="9d665f8e-fbba-f332-e9fd-91b1ba97e32d">
      <Execution id="b8fc8f0f-b0d2-4196-8350-241d94a5661f" />
      <TestMethod codeBase="C:/Users/mbarton/Documents/GitHub/JellyDb/JellyDb.Core.Test/bin/Debug/JellyDb.Core.Test.DLL" adapterTypeName="Microsoft.VisualStudio.TestTools.TestTypes.Unit.UnitTestAdapter, Microsoft.VisualStudio.QualityTools.Tips.UnitTest.Adapter, Version=10.0.0.0, Culture=neutral, PublicKeyToken=b03f5f7f11d50a3a" className="JellyDb.Core.Test.Unit.Storage.BPTreeNodeTest, JellyDb.Core.Test, Version=1.0.0.0, Culture=neutral, PublicKeyToken=null" name="CreateNodeAndInsertOneUnSeq" />
    </UnitTest>
    <UnitTest name="CreateSingleNode" storage="c:\users\mbarton\documents\github\jellydb\jellydb.core.test\bin\debug\jellydb.core.test.dll" id="043c9141-02d0-ac99-6ebf-b1410711ae59">
      <Execution id="2c99f970-a211-4215-8766-28ba8f01e246" />
      <TestMethod codeBase="C:/Users/mbarton/Documents/GitHub/JellyDb/JellyDb.Core.Test/bin/Debug/JellyDb.Core.Test.DLL" adapterTypeName="Microsoft.VisualStudio.TestTools.TestTypes.Unit.UnitTestAdapter, Microsoft.VisualStudio.QualityTools.Tips.UnitTest.Adapter, Version=10.0.0.0, Culture=neutral, PublicKeyToken=b03f5f7f11d50a3a" className="JellyDb.Core.Test.Unit.Storage.BPTreeNodeTest, JellyDb.Core.Test, Version=1.0.0.0, Culture=neutral, PublicKeyToken=null" name="CreateSingleNode" />
    </UnitTest>
    <UnitTest name="CreateNodeAndInsertOneUnOrdered" storage="c:\users\mbarton\documents\github\jellydb\jellydb.core.test\bin\debug\jellydb.core.test.dll" id="5514e827-36e4-907f-eaf4-fa211281fc13">
      <Execution id="ad6a296c-287d-4c97-9b12-c9e31747a74d" />
      <TestMethod codeBase="C:/Users/mbarton/Documents/GitHub/JellyDb/JellyDb.Core.Test/bin/Debug/JellyDb.Core.Test.DLL" adapterTypeName="Microsoft.VisualStudio.TestTools.TestTypes.Unit.UnitTestAdapter, Microsoft.VisualStudio.QualityTools.Tips.UnitTest.Adapter, Version=10.0.0.0, Culture=neutral, PublicKeyToken=b03f5f7f11d50a3a" className="JellyDb.Core.Test.Unit.Storage.BPTreeNodeTest, JellyDb.Core.Test, Version=1.0.0.0, Culture=neutral, PublicKeyToken=null" name="CreateNodeAndInsertOneUnOrdered" />
    </UnitTest>
    <UnitTest name="CreateNodeAndInsertOneSeq" storage="c:\users\mbarton\documents\github\jellydb\jellydb.core.test\bin\debug\jellydb.core.test.dll" id="ad480e63-0564-c719-966f-fb5ef85845f6">
      <Execution id="44af8b14-f0c7-46c9-aa21-0f1d155d0534" />
      <TestMethod codeBase="C:/Users/mbarton/Documents/GitHub/JellyDb/JellyDb.Core.Test/bin/Debug/JellyDb.Core.Test.DLL" adapterTypeName="Microsoft.VisualStudio.TestTools.TestTypes.Unit.UnitTestAdapter, Microsoft.VisualStudio.QualityTools.Tips.UnitTest.Adapter, Version=10.0.0.0, Culture=neutral, PublicKeyToken=b03f5f7f11d50a3a" className="JellyDb.Core.Test.Unit.Storage.BPTreeNodeTest, JellyDb.Core.Test, Version=1.0.0.0, Culture=neutral, PublicKeyToken=null" name="CreateNodeAndInsertOneSeq" />
    </UnitTest>
  </TestDefinitions>
  <TestLists>
    <TestList name="Results Not in a List" id="8c84fa94-04c1-424b-9868-57a2d4851a1d" />
    <TestList name="All Loaded Results" id="19431567-8539-422a-85d7-44ee4e166bda" />
  </TestLists>
  <TestEntries>
    <TestEntry testId="043c9141-02d0-ac99-6ebf-b1410711ae59" executionId="2c99f970-a211-4215-8766-28ba8f01e246" testListId="8c84fa94-04c1-424b-9868-57a2d4851a1d" />
    <TestEntry testId="5514e827-36e4-907f-eaf4-fa211281fc13" executionId="ad6a296c-287d-4c97-9b12-c9e31747a74d" testListId="8c84fa94-04c1-424b-9868-57a2d4851a1d" />
    <TestEntry testId="9d665f8e-fbba-f332-e9fd-91b1ba97e32d" executionId="b8fc8f0f-b0d2-4196-8350-241d94a5661f" testListId="8c84fa94-04c1-424b-9868-57a2d4851a1d" />
    <TestEntry testId="ad480e63-0564-c719-966f-fb5ef85845f6" executionId="44af8b14-f0c7-46c9-aa21-0f1d155d0534" testListId="8c84fa94-04c1-424b-9868-57a2d4851a1d" />
  </TestEntries>
  <Results>
    <UnitTestResult executionId="2c99f970-a211-4215-8766-28ba8f01e246" testId="043c9141-02d0-ac99-6ebf-b1410711ae59" testName="CreateSingleNode" computerName="W01319" duration="00:00:00.0097775" startTime="2013-09-27T09:20:34.9817216+10:00" endTime="2013-09-27T09:20:36.4018028+10:00" testType="13cdc9d9-ddb5-4fa4-a97d-d965ccfc6d4b" outcome="Passed" testListId="8c84fa94-04c1-424b-9868-57a2d4851a1d" relativeResultsDirectory="2c99f970-a211-4215-8766-28ba8f01e246">
    </UnitTestResult>
    <UnitTestResult executionId="ad6a296c-287d-4c97-9b12-c9e31747a74d" testId="5514e827-36e4-907f-eaf4-fa211281fc13" testName="CreateNodeAndInsertOneUnOrdered" computerName="W01319" duration="00:00:00.0103145" startTime="2013-09-27T09:20:36.4058031+10:00" endTime="2013-09-27T09:20:36.4218040+10:00" testType="13cdc9d9-ddb5-4fa4-a97d-d965ccfc6d4b" outcome="Passed" testListId="8c84fa94-04c1-424b-9868-57a2d4851a1d" relativeResultsDirectory="ad6a296c-287d-4c97-9b12-c9e31747a74d">
    </UnitTestResult>
    <UnitTestResult executionId="b8fc8f0f-b0d2-4196-8350-241d94a5661f" testId="9d665f8e-fbba-f332-e9fd-91b1ba97e32d" testName="CreateNodeAndInsertOneUnSeq" computerName="W01319" duration="00:00:00.0005912" startTime="2013-09-27T09:20:36.4268043+10:00" endTime="2013-09-27T09:20:36.4318045+10:00" testType="13cdc9d9-ddb5-4fa4-a97d-d965ccfc6d4b" outcome="Passed" testListId="8c84fa94-04c1-424b-9868-57a2d4851a1d" relativeResultsDirectory="b8fc8f0f-b0d2-4196-8350-241d94a5661f">
    </UnitTestResult>
    <UnitTestResult executionId="44af8b14-f0c7-46c9-aa21-0f1d155d0534" testId="ad480e63-0564-c719-966f-fb5ef85845f6" testName="CreateNodeAndInsertOneSeq" computerName="W01319" duration="00:00:02.6192424" startTime="2013-09-27T09:20:36.4348047+10:00" endTime="2013-09-27T09:20:39.0589548+10:00" testType="13cdc9d9-ddb5-4fa4-a97d-d965ccfc6d4b" outcome="Passed" testListId="8c84fa94-04c1-424b-9868-57a2d4851a1d" relativeResultsDirectory="44af8b14-f0c7-46c9-aa21-0f1d155d0534">
    </UnitTestResult>
  </Results>
</TestRun>