<?xml version="1.0" encoding="UTF-8"?>
<TestRun id="388af55f-a683-4298-af2d-505601da7eda" name="mbarton@W01319 2013-09-27 09:23:15" runUser="LEAP\mbarton" xmlns="http://microsoft.com/schemas/VisualStudio/TeamTest/2010">
  <TestSettings name="Default Test Settings" id="08f72d0d-dae9-4a82-a2a8-c2bf96065cb3">
    <Deployment runDeploymentRoot="mbarton_W01319 2013-09-27 09_23_15">
      <DeploymentItem filename="C:\Users\mbarton\Documents\GitHub\JellyDb\Libs\CastleWindsor\Castle.Core.dll" />
      <DeploymentItem filename="C:\Users\mbarton\Documents\GitHub\JellyDb\Libs\RhinoMock\Rhino.Mocks.dll" />
      <DeploymentItem filename="C:\Users\mbarton\Documents\GitHub\JellyDb\Libs\CastleWindsor\Castle.Windsor.dll" />
      <DeploymentItem filename="C:\Users\mbarton\Documents\GitHub\JellyDb\JellyDb.Core\bin\Debug\JellyDb.Core.dll" />
    </Deployment>
    <Execution>
      <TestTypeSpecific />
      <AgentRule name="Execution Agents">
      </AgentRule>
    </Execution>
  </TestSettings>
  <Times creation="2013-09-27T09:23:15.3988969+10:00" queuing="2013-09-27T09:23:16.9699868+10:00" start="2013-09-27T09:23:17.1749985+10:00" finish="2013-09-27T09:23:57.2132886+10:00" />
  <ResultSummary outcome="Completed">
    <Counters total="1" executed="1" passed="1" error="0" failed="0" timeout="0" aborted="0" inconclusive="0" passedButRunAborted="0" notRunnable="0" notExecuted="0" disconnected="0" warning="0" completed="0" inProgress="0" pending="0" />
  </ResultSummary>
  <TestDefinitions>
    <UnitTest name="CreateNodeAndInsertTwoSeq" storage="c:\users\mbarton\documents\github\jellydb\jellydb.core.test\bin\debug\jellydb.core.test.dll" id="d856cb1e-0ef3-0f43-9241-50f5d6a404fb">
      <Execution id="d5bc4d9b-aaea-4c18-9993-7c7975492eda" />
      <TestMethod codeBase="C:/Users/mbarton/Documents/GitHub/JellyDb/JellyDb.Core.Test/bin/Debug/JellyDb.Core.Test.DLL" adapterTypeName="Microsoft.VisualStudio.TestTools.TestTypes.Unit.UnitTestAdapter, Microsoft.VisualStudio.QualityTools.Tips.UnitTest.Adapter, Version=10.0.0.0, Culture=neutral, PublicKeyToken=b03f5f7f11d50a3a" className="JellyDb.Core.Test.Unit.Storage.BPTreeNodeTest, JellyDb.Core.Test, Version=1.0.0.0, Culture=neutral, PublicKeyToken=null" name="CreateNodeAndInsertTwoSeq" />
    </UnitTest>
  </TestDefinitions>
  <TestLists>
    <TestList name="Results Not in a List" id="8c84fa94-04c1-424b-9868-57a2d4851a1d" />
    <TestList name="All Loaded Results" id="19431567-8539-422a-85d7-44ee4e166bda" />
  </TestLists>
  <TestEntries>
    <TestEntry testId="d856cb1e-0ef3-0f43-9241-50f5d6a404fb" executionId="d5bc4d9b-aaea-4c18-9993-7c7975492eda" testListId="8c84fa94-04c1-424b-9868-57a2d4851a1d" />
  </TestEntries>
  <Results>
    <UnitTestResult executionId="d5bc4d9b-aaea-4c18-9993-7c7975492eda" testId="d856cb1e-0ef3-0f43-9241-50f5d6a404fb" testName="CreateNodeAndInsertTwoSeq" computerName="W01319" duration="00:00:38.3029811" startTime="2013-09-27T09:23:17.3910109+10:00" endTime="2013-09-27T09:23:57.1522851+10:00" testType="13cdc9d9-ddb5-4fa4-a97d-d965ccfc6d4b" outcome="Passed" testListId="8c84fa94-04c1-424b-9868-57a2d4851a1d" relativeResultsDirectory="d5bc4d9b-aaea-4c18-9993-7c7975492eda">
    </UnitTestResult>
  </Results>
</TestRun>