<?xml version="1.0" encoding="UTF-8"?>
<TestRun id="4b810ee9-ded4-4d5d-bb83-74890346ce50" name="mbarton@W01319 2013-09-11 09:49:29" runUser="LEAP\mbarton" xmlns="http://microsoft.com/schemas/VisualStudio/TeamTest/2010">
  <TestSettings name="Default Test Settings" id="ffada884-3286-4598-b086-08f03baea6dc">
    <Deployment userDeploymentRoot="C:\Users\mbarton\Documents\GitHub\JellyDb\TestResults" useDefaultDeploymentRoot="false" runDeploymentRoot="mbarton_W01319 2013-09-11 09_49_29">
      <DeploymentItem filename="C:\Users\mbarton\Documents\GitHub\JellyDb\Libs\Castle.Core.dll" />
      <DeploymentItem filename="C:\Users\mbarton\Documents\GitHub\JellyDb\Libs\Rhino.Mocks.dll" />
      <DeploymentItem filename="C:\Users\mbarton\Documents\GitHub\JellyDb\Libs\Castle.Windsor.dll" />
      <DeploymentItem filename="C:\Users\mbarton\Documents\GitHub\JellyDb\Kenny.DbEngine.Core\bin\Debug\Kenny.DbEngine.Core.dll" />
    </Deployment>
    <Execution>
      <TestTypeSpecific />
      <AgentRule name="Execution Agents">
      </AgentRule>
    </Execution>
  </TestSettings>
  <Times creation="2013-09-11T09:49:29.3245003+10:00" queuing="2013-09-11T09:49:29.7145226+10:00" start="2013-09-11T09:49:29.7395240+10:00" finish="2013-09-11T09:49:29.9865381+10:00" />
  <ResultSummary outcome="Completed">
    <Counters total="1" executed="1" passed="1" error="0" failed="0" timeout="0" aborted="0" inconclusive="0" passedButRunAborted="0" notRunnable="0" notExecuted="0" disconnected="0" warning="0" completed="0" inProgress="0" pending="0" />
  </ResultSummary>
  <TestDefinitions>
    <UnitTest name="FileBasedPersistence_CreateFilePersistence" storage="c:\users\mbarton\documents\github\jellydb\kenny.dbengine.core.test\bin\debug\kenny.dbengine.core.test.dll" id="225680d3-3a0f-7f06-ee1a-59784201cb83">
      <Execution id="aff58499-7c85-4b39-bb83-2c123d9f9765" />
      <TestMethod codeBase="C:/Users/mbarton/Documents/GitHub/JellyDb/Kenny.DbEngine.Core.Test/bin/Debug/Kenny.DbEngine.Core.Test.DLL" adapterTypeName="Microsoft.VisualStudio.TestTools.TestTypes.Unit.UnitTestAdapter, Microsoft.VisualStudio.QualityTools.Tips.UnitTest.Adapter, Version=10.0.0.0, Culture=neutral, PublicKeyToken=b03f5f7f11d50a3a" className="Kenny.DbEngine.Core.Test.Integration.VirtualAddressSpace.FileBasedPersistenceTest, Kenny.DbEngine.Core.Test, Version=1.0.0.0, Culture=neutral, PublicKeyToken=null" name="FileBasedPersistence_CreateFilePersistence" />
    </UnitTest>
  </TestDefinitions>
  <TestLists>
    <TestList name="Results Not in a List" id="8c84fa94-04c1-424b-9868-57a2d4851a1d" />
    <TestList name="All Loaded Results" id="19431567-8539-422a-85d7-44ee4e166bda" />
  </TestLists>
  <TestEntries>
    <TestEntry testId="225680d3-3a0f-7f06-ee1a-59784201cb83" executionId="aff58499-7c85-4b39-bb83-2c123d9f9765" testListId="8c84fa94-04c1-424b-9868-57a2d4851a1d" />
  </TestEntries>
  <Results>
    <UnitTestResult executionId="aff58499-7c85-4b39-bb83-2c123d9f9765" testId="225680d3-3a0f-7f06-ee1a-59784201cb83" testName="FileBasedPersistence_CreateFilePersistence" computerName="W01319" duration="00:00:00.0159707" startTime="2013-09-11T09:49:29.7485245+10:00" endTime="2013-09-11T09:49:29.9745374+10:00" testType="13cdc9d9-ddb5-4fa4-a97d-d965ccfc6d4b" outcome="Passed" testListId="8c84fa94-04c1-424b-9868-57a2d4851a1d" relativeResultsDirectory="aff58499-7c85-4b39-bb83-2c123d9f9765">
    </UnitTestResult>
  </Results>
</TestRun>