<?xml version="1.0" encoding="UTF-8"?>
<TestRun id="04f6a870-16c1-49d5-99f0-4b4f8b66e55a" name="mbarton@W01319 2013-09-11 14:18:05" runUser="LEAP\mbarton" xmlns="http://microsoft.com/schemas/VisualStudio/TeamTest/2010">
  <TestSettings name="Default Test Settings" id="c33f4b55-5179-49e3-812d-86ee2ce304c7">
    <Deployment userDeploymentRoot="C:\Users\mbarton\Documents\GitHub\JellyDb\TestResults" useDefaultDeploymentRoot="false" runDeploymentRoot="mbarton_W01319 2013-09-11 14_18_05">
      <DeploymentItem filename="C:\Users\mbarton\Documents\GitHub\JellyDb\Libs\CastleWindsor\Castle.Core.dll" />
      <DeploymentItem filename="C:\Users\mbarton\Documents\GitHub\JellyDb\JellyDb.Core\bin\Debug\JellyDb.Core.dll" />
      <DeploymentItem filename="C:\Users\mbarton\Documents\GitHub\JellyDb\Libs\CastleWindsor\Castle.Windsor.dll" />
      <DeploymentItem filename="C:\Users\mbarton\Documents\GitHub\JellyDb\Libs\RhinoMock\Rhino.Mocks.dll" />
    </Deployment>
    <Execution>
      <TestTypeSpecific />
      <AgentRule name="Execution Agents">
      </AgentRule>
    </Execution>
  </TestSettings>
  <Times creation="2013-09-11T14:18:05.8053102+10:00" queuing="2013-09-11T14:18:06.1283287+10:00" start="2013-09-11T14:18:06.1333290+10:00" finish="2013-09-11T14:19:37.1795365+10:00" />
  <ResultSummary outcome="Completed">
    <Counters total="1" executed="1" passed="1" error="0" failed="0" timeout="0" aborted="0" inconclusive="0" passedButRunAborted="0" notRunnable="0" notExecuted="0" disconnected="0" warning="0" completed="0" inProgress="0" pending="0" />
  </ResultSummary>
  <TestDefinitions>
    <UnitTest name="CreateBigFileTest" storage="c:\users\mbarton\documents\github\jellydb\jellydb.core.test\bin\debug\jellydb.core.test.dll" id="ee92963a-4cd7-3523-3ab9-557d4bd1d1ce">
      <Execution id="1043053a-7338-402d-bd8e-3d6d5d31b3a4" />
      <TestMethod codeBase="C:/Users/mbarton/Documents/GitHub/JellyDb/JellyDb.Core.Test/bin/Debug/JellyDb.Core.Test.DLL" adapterTypeName="Microsoft.VisualStudio.TestTools.TestTypes.Unit.UnitTestAdapter, Microsoft.VisualStudio.QualityTools.Tips.UnitTest.Adapter, Version=10.0.0.0, Culture=neutral, PublicKeyToken=b03f5f7f11d50a3a" className="JellyDb.Core.Test.Integration.VirtualAddressSpace.FileDataPersistenceTest, JellyDb.Core.Test, Version=1.0.0.0, Culture=neutral, PublicKeyToken=null" name="CreateBigFileTest" />
    </UnitTest>
  </TestDefinitions>
  <TestLists>
    <TestList name="Results Not in a List" id="8c84fa94-04c1-424b-9868-57a2d4851a1d" />
    <TestList name="All Loaded Results" id="19431567-8539-422a-85d7-44ee4e166bda" />
  </TestLists>
  <TestEntries>
    <TestEntry testId="ee92963a-4cd7-3523-3ab9-557d4bd1d1ce" executionId="1043053a-7338-402d-bd8e-3d6d5d31b3a4" testListId="8c84fa94-04c1-424b-9868-57a2d4851a1d" />
  </TestEntries>
  <Results>
    <UnitTestResult executionId="1043053a-7338-402d-bd8e-3d6d5d31b3a4" testId="ee92963a-4cd7-3523-3ab9-557d4bd1d1ce" testName="CreateBigFileTest" computerName="W01319" duration="00:01:30.8279177" startTime="2013-09-11T14:18:06.1353291+10:00" endTime="2013-09-11T14:19:37.1655357+10:00" testType="13cdc9d9-ddb5-4fa4-a97d-d965ccfc6d4b" outcome="Passed" testListId="8c84fa94-04c1-424b-9868-57a2d4851a1d" relativeResultsDirectory="1043053a-7338-402d-bd8e-3d6d5d31b3a4">
    </UnitTestResult>
  </Results>
</TestRun>