<?xml version="1.0" encoding="UTF-8"?>
<TestRun id="f4ed06c2-f7ed-4904-b932-25c7beff2642" name="mbarton@W01319 2013-09-11 08:59:53" runUser="LEAP\mbarton" xmlns="http://microsoft.com/schemas/VisualStudio/TeamTest/2010">
  <TestSettings name="Default Test Settings" id="b5efbc7c-31cc-41b0-8fda-37d3be742fa2">
    <Deployment userDeploymentRoot="C:\Users\mbarton\Documents\GitHub\JellyDb\TestResults" useDefaultDeploymentRoot="false" runDeploymentRoot="mbarton_W01319 2013-09-11 08_59_53">
      <DeploymentItem filename="C:\Users\mbarton\Documents\GitHub\JellyDb\Libs\Castle.Core.dll" />
      <DeploymentItem filename="C:\Users\mbarton\Documents\GitHub\JellyDb\Libs\Rhino.Mocks.dll" />
      <DeploymentItem filename="C:\Users\mbarton\Documents\GitHub\JellyDb\Libs\Castle.Windsor.dll" />
      <DeploymentItem filename="C:\Users\mbarton\Documents\GitHub\JellyDb\Kenny.DbEngine.Core\bin\Debug\Kenny.DbEngine.Core.dll" />
    </Deployment>
    <Execution>
      <TestTypeSpecific />
      <AgentRule name="Execution Agents">
      </AgentRule>
    </Execution>
  </TestSettings>
  <Times creation="2013-09-11T08:59:53.1292716+10:00" queuing="2013-09-11T08:59:53.2572790+10:00" start="2013-09-11T08:59:53.2622792+10:00" finish="2013-09-11T08:59:53.9253172+10:00" />
  <ResultSummary outcome="Failed">
    <Counters total="6" executed="6" error="0" failed="6" timeout="0" aborted="0" inconclusive="0" passedButRunAborted="0" notRunnable="0" notExecuted="0" disconnected="0" warning="0" passed="0" completed="0" inProgress="0" pending="0" />
  </ResultSummary>
  <TestDefinitions>
    <UnitTest name="GetConfigurationSection" storage="c:\users\mbarton\documents\github\jellydb\kenny.dbengine.core.test\bin\debug\kenny.dbengine.core.test.dll" id="7c6fd982-741c-25f1-0717-02dff2f9a048">
      <Execution id="63c562c1-7a40-4c30-9e1e-40683cf914c4" />
      <TestMethod codeBase="C:/Users/mbarton/Documents/GitHub/JellyDb/Kenny.DbEngine.Core.Test/bin/Debug/Kenny.DbEngine.Core.Test.DLL" adapterTypeName="Microsoft.VisualStudio.TestTools.TestTypes.Unit.UnitTestAdapter, Microsoft.VisualStudio.QualityTools.Tips.UnitTest.Adapter, Version=10.0.0.0, Culture=neutral, PublicKeyToken=b03f5f7f11d50a3a" className="Kenny.DbEngine.Core.Test.Unit.Configuration.VirtualFileSystemConfigurationTest, Kenny.DbEngine.Core.Test, Version=1.0.0.0, Culture=neutral, PublicKeyToken=null" name="GetConfigurationSection" />
    </UnitTest>
    <UnitTest name="FileBasedPersistence_SaveAndGetScatteredData" storage="c:\users\mbarton\documents\github\jellydb\kenny.dbengine.core.test\bin\debug\kenny.dbengine.core.test.dll" id="60908062-6452-d125-fe18-ff95ec4cdd44">
      <Execution id="6a4bc39c-1606-49d5-9b19-eb979b1edd41" />
      <TestMethod codeBase="C:/Users/mbarton/Documents/GitHub/JellyDb/Kenny.DbEngine.Core.Test/bin/Debug/Kenny.DbEngine.Core.Test.DLL" adapterTypeName="Microsoft.VisualStudio.TestTools.TestTypes.Unit.UnitTestAdapter, Microsoft.VisualStudio.QualityTools.Tips.UnitTest.Adapter, Version=10.0.0.0, Culture=neutral, PublicKeyToken=b03f5f7f11d50a3a" className="Kenny.DbEngine.Core.Test.Integration.VirtualAddressSpace.FileBasedPersistenceTest, Kenny.DbEngine.Core.Test, Version=1.0.0.0, Culture=neutral, PublicKeyToken=null" name="FileBasedPersistence_SaveAndGetScatteredData" />
    </UnitTest>
    <UnitTest name="FileBasedPersitence_SaveMultipleAddressSpacesWithOneFullOfdata" storage="c:\users\mbarton\documents\github\jellydb\kenny.dbengine.core.test\bin\debug\kenny.dbengine.core.test.dll" id="bb0af259-8772-114f-7ba4-993c68cfbc60">
      <Execution id="e307c5f8-3de2-451d-95e8-1e2fe3f5e31a" />
      <TestMethod codeBase="C:/Users/mbarton/Documents/GitHub/JellyDb/Kenny.DbEngine.Core.Test/bin/Debug/Kenny.DbEngine.Core.Test.DLL" adapterTypeName="Microsoft.VisualStudio.TestTools.TestTypes.Unit.UnitTestAdapter, Microsoft.VisualStudio.QualityTools.Tips.UnitTest.Adapter, Version=10.0.0.0, Culture=neutral, PublicKeyToken=b03f5f7f11d50a3a" className="Kenny.DbEngine.Core.Test.Integration.VirtualAddressSpace.FileBasedPersistenceTest, Kenny.DbEngine.Core.Test, Version=1.0.0.0, Culture=neutral, PublicKeyToken=null" name="FileBasedPersitence_SaveMultipleAddressSpacesWithOneFullOfdata" />
    </UnitTest>
    <UnitTest name="CreateBigFileTest" storage="c:\users\mbarton\documents\github\jellydb\kenny.dbengine.core.test\bin\debug\kenny.dbengine.core.test.dll" id="a5e4b6a9-8a72-d442-9dc9-92cc31b491ee">
      <Execution id="0aad4d69-a60e-46e1-91cc-3f1941d4a207" />
      <TestMethod codeBase="C:/Users/mbarton/Documents/GitHub/JellyDb/Kenny.DbEngine.Core.Test/bin/Debug/Kenny.DbEngine.Core.Test.DLL" adapterTypeName="Microsoft.VisualStudio.TestTools.TestTypes.Unit.UnitTestAdapter, Microsoft.VisualStudio.QualityTools.Tips.UnitTest.Adapter, Version=10.0.0.0, Culture=neutral, PublicKeyToken=b03f5f7f11d50a3a" className="Kenny.DbEngine.Core.Test.Integration.VirtualAddressSpace.FileBasedPersistenceTest, Kenny.DbEngine.Core.Test, Version=1.0.0.0, Culture=neutral, PublicKeyToken=null" name="CreateBigFileTest" />
    </UnitTest>
    <UnitTest name="FileBasedPersistence_SaveAndGetContiguousData" storage="c:\users\mbarton\documents\github\jellydb\kenny.dbengine.core.test\bin\debug\kenny.dbengine.core.test.dll" id="f24b8079-7a7b-486d-9b45-80f98756b05d">
      <Execution id="ed451ea4-2551-4807-b258-70914a05f82e" />
      <TestMethod codeBase="C:/Users/mbarton/Documents/GitHub/JellyDb/Kenny.DbEngine.Core.Test/bin/Debug/Kenny.DbEngine.Core.Test.DLL" adapterTypeName="Microsoft.VisualStudio.TestTools.TestTypes.Unit.UnitTestAdapter, Microsoft.VisualStudio.QualityTools.Tips.UnitTest.Adapter, Version=10.0.0.0, Culture=neutral, PublicKeyToken=b03f5f7f11d50a3a" className="Kenny.DbEngine.Core.Test.Integration.VirtualAddressSpace.FileBasedPersistenceTest, Kenny.DbEngine.Core.Test, Version=1.0.0.0, Culture=neutral, PublicKeyToken=null" name="FileBasedPersistence_SaveAndGetContiguousData" />
    </UnitTest>
    <UnitTest name="FileBasedPersistence_CreateFilePersistence" storage="c:\users\mbarton\documents\github\jellydb\kenny.dbengine.core.test\bin\debug\kenny.dbengine.core.test.dll" id="225680d3-3a0f-7f06-ee1a-59784201cb83">
      <Execution id="166ff54b-d2a1-4282-972f-7ca8848f9415" />
      <TestMethod codeBase="C:/Users/mbarton/Documents/GitHub/JellyDb/Kenny.DbEngine.Core.Test/bin/Debug/Kenny.DbEngine.Core.Test.DLL" adapterTypeName="Microsoft.VisualStudio.TestTools.TestTypes.Unit.UnitTestAdapter, Microsoft.VisualStudio.QualityTools.Tips.UnitTest.Adapter, Version=10.0.0.0, Culture=neutral, PublicKeyToken=b03f5f7f11d50a3a" className="Kenny.DbEngine.Core.Test.Integration.VirtualAddressSpace.FileBasedPersistenceTest, Kenny.DbEngine.Core.Test, Version=1.0.0.0, Culture=neutral, PublicKeyToken=null" name="FileBasedPersistence_CreateFilePersistence" />
    </UnitTest>
  </TestDefinitions>
  <TestLists>
    <TestList name="Results Not in a List" id="8c84fa94-04c1-424b-9868-57a2d4851a1d" />
    <TestList name="All Loaded Results" id="19431567-8539-422a-85d7-44ee4e166bda" />
  </TestLists>
  <TestEntries>
    <TestEntry testId="f24b8079-7a7b-486d-9b45-80f98756b05d" executionId="ed451ea4-2551-4807-b258-70914a05f82e" testListId="8c84fa94-04c1-424b-9868-57a2d4851a1d" />
    <TestEntry testId="225680d3-3a0f-7f06-ee1a-59784201cb83" executionId="166ff54b-d2a1-4282-972f-7ca8848f9415" testListId="8c84fa94-04c1-424b-9868-57a2d4851a1d" />
    <TestEntry testId="a5e4b6a9-8a72-d442-9dc9-92cc31b491ee" executionId="0aad4d69-a60e-46e1-91cc-3f1941d4a207" testListId="8c84fa94-04c1-424b-9868-57a2d4851a1d" />
    <TestEntry testId="7c6fd982-741c-25f1-0717-02dff2f9a048" executionId="63c562c1-7a40-4c30-9e1e-40683cf914c4" testListId="8c84fa94-04c1-424b-9868-57a2d4851a1d" />
    <TestEntry testId="bb0af259-8772-114f-7ba4-993c68cfbc60" executionId="e307c5f8-3de2-451d-95e8-1e2fe3f5e31a" testListId="8c84fa94-04c1-424b-9868-57a2d4851a1d" />
    <TestEntry testId="60908062-6452-d125-fe18-ff95ec4cdd44" executionId="6a4bc39c-1606-49d5-9b19-eb979b1edd41" testListId="8c84fa94-04c1-424b-9868-57a2d4851a1d" />
  </TestEntries>
  <Results>
    <UnitTestResult executionId="ed451ea4-2551-4807-b258-70914a05f82e" testId="f24b8079-7a7b-486d-9b45-80f98756b05d" testName="FileBasedPersistence_SaveAndGetContiguousData" computerName="W01319" duration="00:00:00.0321214" startTime="2013-09-11T08:59:53.2642794+10:00" endTime="2013-09-11T08:59:53.4842919+10:00" testType="13cdc9d9-ddb5-4fa4-a97d-d965ccfc6d4b" outcome="Failed" testListId="8c84fa94-04c1-424b-9868-57a2d4851a1d" relativeResultsDirectory="ed451ea4-2551-4807-b258-70914a05f82e">
      <Output>
        <ErrorInfo>
          <Message>TestCleanup method Kenny.DbEngine.Core.Test.Integration.VirtualAddressSpace.FileBasedPersistenceTest.TestCleanup threw exception. System.UnauthorizedAccessException: System.UnauthorizedAccessException: Access to the path 'c:\Temp\DbEngine.db' is denied..</Message>
          <StackTrace>    at System.IO.__Error.WinIOError(Int32 errorCode, String maybeFullPath)
   at System.IO.File.Delete(String path)
   at Kenny.DbEngine.Core.Test.Integration.VirtualAddressSpace.FileBasedPersistenceTest.TestCleanup() in C:\Users\mbarton\Documents\GitHub\JellyDb\Kenny.DbEngine.Core.Test\Integration\VirtualAddressSpace\FileBasedPersistenceTest.cs:line 36
</StackTrace>
        </ErrorInfo>
      </Output>
    </UnitTestResult>
    <UnitTestResult executionId="166ff54b-d2a1-4282-972f-7ca8848f9415" testId="225680d3-3a0f-7f06-ee1a-59784201cb83" testName="FileBasedPersistence_CreateFilePersistence" computerName="W01319" duration="00:00:00.0057340" startTime="2013-09-11T08:59:53.4852920+10:00" endTime="2013-09-11T08:59:53.4932925+10:00" testType="13cdc9d9-ddb5-4fa4-a97d-d965ccfc6d4b" outcome="Failed" testListId="8c84fa94-04c1-424b-9868-57a2d4851a1d" relativeResultsDirectory="166ff54b-d2a1-4282-972f-7ca8848f9415">
      <Output>
        <ErrorInfo>
          <Message>Test method Kenny.DbEngine.Core.Test.Integration.VirtualAddressSpace.FileBasedPersistenceTest.FileBasedPersistence_CreateFilePersistence threw exception: 
System.IO.IOException: The process cannot access the file 'c:\Temp\DbEngine.db' because it is being used by another process.
TestCleanup method Kenny.DbEngine.Core.Test.Integration.VirtualAddressSpace.FileBasedPersistenceTest.TestCleanup threw exception. System.UnauthorizedAccessException: System.UnauthorizedAccessException: Access to the path 'c:\Temp\DbEngine.db' is denied..</Message>
          <StackTrace>    at System.IO.__Error.WinIOError(Int32 errorCode, String maybeFullPath)
   at System.IO.FileStream.Init(String path, FileMode mode, FileAccess access, Int32 rights, Boolean useRights, FileShare share, Int32 bufferSize, FileOptions options, SECURITY_ATTRIBUTES secAttrs, String msgPath, Boolean bFromProxy, Boolean useLongPath)
   at System.IO.FileStream..ctor(String path, FileMode mode, FileSystemRights rights, FileShare share, Int32 bufferSize, FileOptions options)
   at System.IO.MemoryMappedFiles.MemoryMappedFile.CreateFromFile(String path, FileMode mode, String mapName, Int64 capacity, MemoryMappedFileAccess access)
   at System.IO.MemoryMappedFiles.MemoryMappedFile.CreateFromFile(String path, FileMode mode, String mapName, Int64 capacity)
   at Kenny.DbEngine.Core.VirtualAddressSpace.FileDataPersistence..ctor() in C:\Users\mbarton\Documents\GitHub\JellyDb\Kenny.DbEngine.Core\VirtualAddressSpace\FileDataPersistence.cs:line 32
   at Kenny.DbEngine.Core.Test.Integration.VirtualAddressSpace.FileBasedPersistenceTest.FileBasedPersistence_CreateFilePersistence() in C:\Users\mbarton\Documents\GitHub\JellyDb\Kenny.DbEngine.Core.Test\Integration\VirtualAddressSpace\FileBasedPersistenceTest.cs:line 44

TestCleanup Stack Trace
    at System.IO.__Error.WinIOError(Int32 errorCode, String maybeFullPath)
   at System.IO.File.Delete(String path)
   at Kenny.DbEngine.Core.Test.Integration.VirtualAddressSpace.FileBasedPersistenceTest.TestCleanup() in C:\Users\mbarton\Documents\GitHub\JellyDb\Kenny.DbEngine.Core.Test\Integration\VirtualAddressSpace\FileBasedPersistenceTest.cs:line 36
</StackTrace>
        </ErrorInfo>
      </Output>
    </UnitTestResult>
    <UnitTestResult executionId="0aad4d69-a60e-46e1-91cc-3f1941d4a207" testId="a5e4b6a9-8a72-d442-9dc9-92cc31b491ee" testName="CreateBigFileTest" computerName="W01319" duration="00:00:00.4034473" startTime="2013-09-11T08:59:53.4942925+10:00" endTime="2013-09-11T08:59:53.8993157+10:00" testType="13cdc9d9-ddb5-4fa4-a97d-d965ccfc6d4b" outcome="Failed" testListId="8c84fa94-04c1-424b-9868-57a2d4851a1d" relativeResultsDirectory="0aad4d69-a60e-46e1-91cc-3f1941d4a207">
      <Output>
        <ErrorInfo>
          <Message>Test method Kenny.DbEngine.Core.Test.Integration.VirtualAddressSpace.FileBasedPersistenceTest.CreateBigFileTest threw exception: 
System.IO.IOException: The process cannot access the file 'c:\Temp\DbEngine.db.pages' because it is being used by another process.
TestCleanup method Kenny.DbEngine.Core.Test.Integration.VirtualAddressSpace.FileBasedPersistenceTest.TestCleanup threw exception. System.UnauthorizedAccessException: System.UnauthorizedAccessException: Access to the path 'c:\Temp\DbEngine.db' is denied..</Message>
          <StackTrace>    at System.IO.__Error.WinIOError(Int32 errorCode, String maybeFullPath)
   at System.IO.FileStream.Init(String path, FileMode mode, FileAccess access, Int32 rights, Boolean useRights, FileShare share, Int32 bufferSize, FileOptions options, SECURITY_ATTRIBUTES secAttrs, String msgPath, Boolean bFromProxy, Boolean useLongPath)
   at System.IO.FileStream..ctor(String path, FileMode mode, FileAccess access, FileShare share)
   at System.IO.File.Open(String path, FileMode mode, FileAccess access)
   at Kenny.DbEngine.Core.VirtualAddressSpace.FileDataPersistence..ctor() in C:\Users\mbarton\Documents\GitHub\JellyDb\Kenny.DbEngine.Core\VirtualAddressSpace\FileDataPersistence.cs:line 23
   at Kenny.DbEngine.Core.Test.Integration.VirtualAddressSpace.FileBasedPersistenceTest.CreateBigFileTest() in C:\Users\mbarton\Documents\GitHub\JellyDb\Kenny.DbEngine.Core.Test\Integration\VirtualAddressSpace\FileBasedPersistenceTest.cs:line 121

TestCleanup Stack Trace
    at System.IO.__Error.WinIOError(Int32 errorCode, String maybeFullPath)
   at System.IO.File.Delete(String path)
   at Kenny.DbEngine.Core.Test.Integration.VirtualAddressSpace.FileBasedPersistenceTest.TestCleanup() in C:\Users\mbarton\Documents\GitHub\JellyDb\Kenny.DbEngine.Core.Test\Integration\VirtualAddressSpace\FileBasedPersistenceTest.cs:line 36
</StackTrace>
        </ErrorInfo>
      </Output>
    </UnitTestResult>
    <UnitTestResult executionId="63c562c1-7a40-4c30-9e1e-40683cf914c4" testId="7c6fd982-741c-25f1-0717-02dff2f9a048" testName="GetConfigurationSection" computerName="W01319" duration="00:00:00.0021098" startTime="2013-09-11T08:59:53.9003157+10:00" endTime="2013-09-11T08:59:53.9043160+10:00" testType="13cdc9d9-ddb5-4fa4-a97d-d965ccfc6d4b" outcome="Failed" testListId="8c84fa94-04c1-424b-9868-57a2d4851a1d" relativeResultsDirectory="63c562c1-7a40-4c30-9e1e-40683cf914c4">
      <Output>
        <ErrorInfo>
          <Message>Assert.AreEqual failed. Expected:&lt;2048&gt;. Actual:&lt;524288&gt;. </Message>
          <StackTrace>   at Kenny.DbEngine.Core.Test.Unit.Configuration.VirtualFileSystemConfigurationTest.GetConfigurationSection() in C:\Users\mbarton\Documents\GitHub\JellyDb\Kenny.DbEngine.Core.Test\Unit\Configuration\VirtualFileSystemConfigurationTest.cs:line 19
</StackTrace>
        </ErrorInfo>
      </Output>
    </UnitTestResult>
    <UnitTestResult executionId="e307c5f8-3de2-451d-95e8-1e2fe3f5e31a" testId="bb0af259-8772-114f-7ba4-993c68cfbc60" testName="FileBasedPersitence_SaveMultipleAddressSpacesWithOneFullOfdata" computerName="W01319" duration="00:00:00.0023189" startTime="2013-09-11T08:59:53.9053160+10:00" endTime="2013-09-11T08:59:53.9103163+10:00" testType="13cdc9d9-ddb5-4fa4-a97d-d965ccfc6d4b" outcome="Failed" testListId="8c84fa94-04c1-424b-9868-57a2d4851a1d" relativeResultsDirectory="e307c5f8-3de2-451d-95e8-1e2fe3f5e31a">
      <Output>
        <ErrorInfo>
          <Message>Test method Kenny.DbEngine.Core.Test.Integration.VirtualAddressSpace.FileBasedPersistenceTest.FileBasedPersitence_SaveMultipleAddressSpacesWithOneFullOfdata threw exception: 
System.IO.IOException: The process cannot access the file 'c:\Temp\DbEngine.db.pages' because it is being used by another process.
TestCleanup method Kenny.DbEngine.Core.Test.Integration.VirtualAddressSpace.FileBasedPersistenceTest.TestCleanup threw exception. System.UnauthorizedAccessException: System.UnauthorizedAccessException: Access to the path 'c:\Temp\DbEngine.db' is denied..</Message>
          <StackTrace>    at System.IO.__Error.WinIOError(Int32 errorCode, String maybeFullPath)
   at System.IO.FileStream.Init(String path, FileMode mode, FileAccess access, Int32 rights, Boolean useRights, FileShare share, Int32 bufferSize, FileOptions options, SECURITY_ATTRIBUTES secAttrs, String msgPath, Boolean bFromProxy, Boolean useLongPath)
   at System.IO.FileStream..ctor(String path, FileMode mode, FileAccess access, FileShare share)
   at System.IO.File.Open(String path, FileMode mode, FileAccess access)
   at Kenny.DbEngine.Core.VirtualAddressSpace.FileDataPersistence..ctor() in C:\Users\mbarton\Documents\GitHub\JellyDb\Kenny.DbEngine.Core\VirtualAddressSpace\FileDataPersistence.cs:line 23
   at Kenny.DbEngine.Core.Test.Integration.VirtualAddressSpace.FileBasedPersistenceTest.FileBasedPersitence_SaveMultipleAddressSpacesWithOneFullOfdata() in C:\Users\mbarton\Documents\GitHub\JellyDb\Kenny.DbEngine.Core.Test\Integration\VirtualAddressSpace\FileBasedPersistenceTest.cs:line 102

TestCleanup Stack Trace
    at System.IO.__Error.WinIOError(Int32 errorCode, String maybeFullPath)
   at System.IO.File.Delete(String path)
   at Kenny.DbEngine.Core.Test.Integration.VirtualAddressSpace.FileBasedPersistenceTest.TestCleanup() in C:\Users\mbarton\Documents\GitHub\JellyDb\Kenny.DbEngine.Core.Test\Integration\VirtualAddressSpace\FileBasedPersistenceTest.cs:line 36
</StackTrace>
        </ErrorInfo>
      </Output>
    </UnitTestResult>
    <UnitTestResult executionId="6a4bc39c-1606-49d5-9b19-eb979b1edd41" testId="60908062-6452-d125-fe18-ff95ec4cdd44" testName="FileBasedPersistence_SaveAndGetScatteredData" computerName="W01319" duration="00:00:00.0025691" startTime="2013-09-11T08:59:53.9103163+10:00" endTime="2013-09-11T08:59:53.9153166+10:00" testType="13cdc9d9-ddb5-4fa4-a97d-d965ccfc6d4b" outcome="Failed" testListId="8c84fa94-04c1-424b-9868-57a2d4851a1d" relativeResultsDirectory="6a4bc39c-1606-49d5-9b19-eb979b1edd41">
      <Output>
        <ErrorInfo>
          <Message>Test method Kenny.DbEngine.Core.Test.Integration.VirtualAddressSpace.FileBasedPersistenceTest.FileBasedPersistence_SaveAndGetScatteredData threw exception: 
System.IO.IOException: The process cannot access the file 'c:\Temp\DbEngine.db.pages' because it is being used by another process.
TestCleanup method Kenny.DbEngine.Core.Test.Integration.VirtualAddressSpace.FileBasedPersistenceTest.TestCleanup threw exception. System.UnauthorizedAccessException: System.UnauthorizedAccessException: Access to the path 'c:\Temp\DbEngine.db' is denied..</Message>
          <StackTrace>    at System.IO.__Error.WinIOError(Int32 errorCode, String maybeFullPath)
   at System.IO.FileStream.Init(String path, FileMode mode, FileAccess access, Int32 rights, Boolean useRights, FileShare share, Int32 bufferSize, FileOptions options, SECURITY_ATTRIBUTES secAttrs, String msgPath, Boolean bFromProxy, Boolean useLongPath)
   at System.IO.FileStream..ctor(String path, FileMode mode, FileAccess access, FileShare share)
   at System.IO.File.Open(String path, FileMode mode, FileAccess access)
   at Kenny.DbEngine.Core.VirtualAddressSpace.FileDataPersistence..ctor() in C:\Users\mbarton\Documents\GitHub\JellyDb\Kenny.DbEngine.Core\VirtualAddressSpace\FileDataPersistence.cs:line 23
   at Kenny.DbEngine.Core.Test.Integration.VirtualAddressSpace.FileBasedPersistenceTest.FileBasedPersistence_SaveAndGetScatteredData() in C:\Users\mbarton\Documents\GitHub\JellyDb\Kenny.DbEngine.Core.Test\Integration\VirtualAddressSpace\FileBasedPersistenceTest.cs:line 69

TestCleanup Stack Trace
    at System.IO.__Error.WinIOError(Int32 errorCode, String maybeFullPath)
   at System.IO.File.Delete(String path)
   at Kenny.DbEngine.Core.Test.Integration.VirtualAddressSpace.FileBasedPersistenceTest.TestCleanup() in C:\Users\mbarton\Documents\GitHub\JellyDb\Kenny.DbEngine.Core.Test\Integration\VirtualAddressSpace\FileBasedPersistenceTest.cs:line 36
</StackTrace>
        </ErrorInfo>
      </Output>
    </UnitTestResult>
  </Results>
</TestRun>