<?xml version="1.0" encoding="UTF-8"?>
<TestRun id="259f61bb-366c-48d5-86b2-b34e15296ee8" name="mbarton@W01319 2013-09-30 11:31:56" runUser="LEAP\mbarton" xmlns="http://microsoft.com/schemas/VisualStudio/TeamTest/2010">
  <TestSettings name="Default Test Settings" id="79396103-a179-4781-93ab-359e299c6c29">
    <Deployment runDeploymentRoot="mbarton_W01319 2013-09-30 11_31_56">
      <DeploymentItem filename="C:\Users\mbarton\Documents\GitHub\JellyDb\Libs\CastleWindsor\Castle.Core.dll" />
      <DeploymentItem filename="C:\Users\mbarton\Documents\GitHub\JellyDb\Libs\RhinoMock\Rhino.Mocks.dll" />
      <DeploymentItem filename="C:\Users\mbarton\Documents\GitHub\JellyDb\Libs\CastleWindsor\Castle.Windsor.dll" />
      <DeploymentItem filename="C:\Users\mbarton\Documents\GitHub\JellyDb\JellyDb.Core\bin\Debug\JellyDb.Core.dll" />
    </Deployment>
    <Execution>
      <TestTypeSpecific />
      <AgentRule name="Execution Agents">
      </AgentRule>
    </Execution>
  </TestSettings>
  <Times creation="2013-09-30T11:31:56.6995858+10:00" queuing="2013-09-30T11:31:58.0946656+10:00" start="2013-09-30T11:31:58.2736758+10:00" finish="2013-09-30T11:35:19.1571657+10:00" />
  <ResultSummary outcome="Error">
    <Counters total="1" executed="1" error="0" failed="0" timeout="0" aborted="1" inconclusive="0" passedButRunAborted="0" notRunnable="0" notExecuted="0" disconnected="0" warning="0" passed="0" completed="0" inProgress="0" pending="0" />
    <RunInfos>
      <RunInfo computerName="W01319" outcome="Error" timestamp="2013-09-30T11:35:19.1551656+10:00">
        <Text>Test host process exited unexpectedly.</Text>
      </RunInfo>
    </RunInfos>
  </ResultSummary>
  <TestDefinitions>
    <UnitTest name="CreateNodeAndInsertSequentially" storage="c:\users\mbarton\documents\github\jellydb\jellydb.core.test\bin\debug\jellydb.core.test.dll" id="a24b0ed5-cae6-3f94-750b-742a982a733e">
      <Execution id="90bdf590-89f2-4a3e-bbb9-06096cc34181" />
      <TestMethod codeBase="C:/Users/mbarton/Documents/GitHub/JellyDb/JellyDb.Core.Test/bin/Debug/JellyDb.Core.Test.DLL" adapterTypeName="Microsoft.VisualStudio.TestTools.TestTypes.Unit.UnitTestAdapter, Microsoft.VisualStudio.QualityTools.Tips.UnitTest.Adapter, Version=10.0.0.0, Culture=neutral, PublicKeyToken=b03f5f7f11d50a3a" className="JellyDb.Core.Test.Unit.Storage.BPTreeNodeTest, JellyDb.Core.Test, Version=1.0.0.0, Culture=neutral, PublicKeyToken=null" name="CreateNodeAndInsertSequentially" />
    </UnitTest>
  </TestDefinitions>
  <TestLists>
    <TestList name="Results Not in a List" id="8c84fa94-04c1-424b-9868-57a2d4851a1d" />
    <TestList name="All Loaded Results" id="19431567-8539-422a-85d7-44ee4e166bda" />
  </TestLists>
  <TestEntries>
    <TestEntry testId="a24b0ed5-cae6-3f94-750b-742a982a733e" executionId="90bdf590-89f2-4a3e-bbb9-06096cc34181" testListId="8c84fa94-04c1-424b-9868-57a2d4851a1d" />
  </TestEntries>
  <Results>
    <UnitTestResult executionId="90bdf590-89f2-4a3e-bbb9-06096cc34181" testId="a24b0ed5-cae6-3f94-750b-742a982a733e" testName="CreateNodeAndInsertSequentially" computerName="W01319" duration="00:03:20.7164804" startTime="2013-09-30T11:31:58.4396853+10:00" endTime="2013-09-30T11:35:19.1561657+10:00" testType="13cdc9d9-ddb5-4fa4-a97d-d965ccfc6d4b" outcome="Aborted" testListId="8c84fa94-04c1-424b-9868-57a2d4851a1d" relativeResultsDirectory="90bdf590-89f2-4a3e-bbb9-06096cc34181">
    </UnitTestResult>
  </Results>
</TestRun>