<?xml version="1.0" encoding="UTF-8"?>
<TestRun id="f3494511-1b08-4d46-852c-9bf7dd636565" name="mbarton@W01319 2013-09-11 09:16:01" runUser="LEAP\mbarton" xmlns="http://microsoft.com/schemas/VisualStudio/TeamTest/2010">
  <TestSettings name="Default Test Settings" id="b5efbc7c-31cc-41b0-8fda-37d3be742fa2">
    <Deployment userDeploymentRoot="C:\Users\mbarton\Documents\GitHub\JellyDb\TestResults" useDefaultDeploymentRoot="false" runDeploymentRoot="mbarton_W01319 2013-09-11 09_16_01">
      <DeploymentItem filename="C:\Users\mbarton\Documents\GitHub\JellyDb\Libs\Castle.Core.dll" />
      <DeploymentItem filename="C:\Users\mbarton\Documents\GitHub\JellyDb\Libs\Rhino.Mocks.dll" />
      <DeploymentItem filename="C:\Users\mbarton\Documents\GitHub\JellyDb\Libs\Castle.Windsor.dll" />
      <DeploymentItem filename="C:\Users\mbarton\Documents\GitHub\JellyDb\Kenny.DbEngine.Core\bin\Debug\Kenny.DbEngine.Core.dll" />
    </Deployment>
    <Execution>
      <TestTypeSpecific />
      <AgentRule name="Execution Agents">
      </AgentRule>
    </Execution>
  </TestSettings>
  <Times creation="2013-09-11T09:16:01.1956419+10:00" queuing="2013-09-11T09:16:01.3026480+10:00" start="2013-09-11T09:16:01.3076483+10:00" finish="2013-09-11T09:16:01.9286838+10:00" />
  <ResultSummary outcome="Failed">
    <Counters total="5" executed="5" error="0" failed="5" timeout="0" aborted="0" inconclusive="0" passedButRunAborted="0" notRunnable="0" notExecuted="0" disconnected="0" warning="0" passed="0" completed="0" inProgress="0" pending="0" />
  </ResultSummary>
  <TestDefinitions>
    <UnitTest name="FileBasedPersistence_CreateFilePersistence" storage="c:\users\mbarton\documents\github\jellydb\kenny.dbengine.core.test\bin\debug\kenny.dbengine.core.test.dll" id="225680d3-3a0f-7f06-ee1a-59784201cb83">
      <Execution id="f2ce69e1-d783-411e-bca8-8c79fa0de2ad" />
      <TestMethod codeBase="C:/Users/mbarton/Documents/GitHub/JellyDb/Kenny.DbEngine.Core.Test/bin/Debug/Kenny.DbEngine.Core.Test.DLL" adapterTypeName="Microsoft.VisualStudio.TestTools.TestTypes.Unit.UnitTestAdapter, Microsoft.VisualStudio.QualityTools.Tips.UnitTest.Adapter, Version=10.0.0.0, Culture=neutral, PublicKeyToken=b03f5f7f11d50a3a" className="Kenny.DbEngine.Core.Test.Integration.VirtualAddressSpace.FileBasedPersistenceTest, Kenny.DbEngine.Core.Test, Version=1.0.0.0, Culture=neutral, PublicKeyToken=null" name="FileBasedPersistence_CreateFilePersistence" />
    </UnitTest>
    <UnitTest name="FileBasedPersistence_SaveAndGetScatteredData" storage="c:\users\mbarton\documents\github\jellydb\kenny.dbengine.core.test\bin\debug\kenny.dbengine.core.test.dll" id="60908062-6452-d125-fe18-ff95ec4cdd44">
      <Execution id="d7c6fd69-2bd9-4f89-b821-11cd29813e22" />
      <TestMethod codeBase="C:/Users/mbarton/Documents/GitHub/JellyDb/Kenny.DbEngine.Core.Test/bin/Debug/Kenny.DbEngine.Core.Test.DLL" adapterTypeName="Microsoft.VisualStudio.TestTools.TestTypes.Unit.UnitTestAdapter, Microsoft.VisualStudio.QualityTools.Tips.UnitTest.Adapter, Version=10.0.0.0, Culture=neutral, PublicKeyToken=b03f5f7f11d50a3a" className="Kenny.DbEngine.Core.Test.Integration.VirtualAddressSpace.FileBasedPersistenceTest, Kenny.DbEngine.Core.Test, Version=1.0.0.0, Culture=neutral, PublicKeyToken=null" name="FileBasedPersistence_SaveAndGetScatteredData" />
    </UnitTest>
    <UnitTest name="FileBasedPersistence_SaveAndGetContiguousData" storage="c:\users\mbarton\documents\github\jellydb\kenny.dbengine.core.test\bin\debug\kenny.dbengine.core.test.dll" id="f24b8079-7a7b-486d-9b45-80f98756b05d">
      <Execution id="9a2eb0f3-c7c0-4616-9894-3371f7e50609" />
      <TestMethod codeBase="C:/Users/mbarton/Documents/GitHub/JellyDb/Kenny.DbEngine.Core.Test/bin/Debug/Kenny.DbEngine.Core.Test.DLL" adapterTypeName="Microsoft.VisualStudio.TestTools.TestTypes.Unit.UnitTestAdapter, Microsoft.VisualStudio.QualityTools.Tips.UnitTest.Adapter, Version=10.0.0.0, Culture=neutral, PublicKeyToken=b03f5f7f11d50a3a" className="Kenny.DbEngine.Core.Test.Integration.VirtualAddressSpace.FileBasedPersistenceTest, Kenny.DbEngine.Core.Test, Version=1.0.0.0, Culture=neutral, PublicKeyToken=null" name="FileBasedPersistence_SaveAndGetContiguousData" />
    </UnitTest>
    <UnitTest name="CreateBigFileTest" storage="c:\users\mbarton\documents\github\jellydb\kenny.dbengine.core.test\bin\debug\kenny.dbengine.core.test.dll" id="a5e4b6a9-8a72-d442-9dc9-92cc31b491ee">
      <Execution id="dece186c-baf0-48dd-b74d-776ead7b88c2" />
      <TestMethod codeBase="C:/Users/mbarton/Documents/GitHub/JellyDb/Kenny.DbEngine.Core.Test/bin/Debug/Kenny.DbEngine.Core.Test.DLL" adapterTypeName="Microsoft.VisualStudio.TestTools.TestTypes.Unit.UnitTestAdapter, Microsoft.VisualStudio.QualityTools.Tips.UnitTest.Adapter, Version=10.0.0.0, Culture=neutral, PublicKeyToken=b03f5f7f11d50a3a" className="Kenny.DbEngine.Core.Test.Integration.VirtualAddressSpace.FileBasedPersistenceTest, Kenny.DbEngine.Core.Test, Version=1.0.0.0, Culture=neutral, PublicKeyToken=null" name="CreateBigFileTest" />
    </UnitTest>
    <UnitTest name="FileBasedPersitence_SaveMultipleAddressSpacesWithOneFullOfdata" storage="c:\users\mbarton\documents\github\jellydb\kenny.dbengine.core.test\bin\debug\kenny.dbengine.core.test.dll" id="bb0af259-8772-114f-7ba4-993c68cfbc60">
      <Execution id="e992ec52-6cfd-4e03-a4d4-1384801aa228" />
      <TestMethod codeBase="C:/Users/mbarton/Documents/GitHub/JellyDb/Kenny.DbEngine.Core.Test/bin/Debug/Kenny.DbEngine.Core.Test.DLL" adapterTypeName="Microsoft.VisualStudio.TestTools.TestTypes.Unit.UnitTestAdapter, Microsoft.VisualStudio.QualityTools.Tips.UnitTest.Adapter, Version=10.0.0.0, Culture=neutral, PublicKeyToken=b03f5f7f11d50a3a" className="Kenny.DbEngine.Core.Test.Integration.VirtualAddressSpace.FileBasedPersistenceTest, Kenny.DbEngine.Core.Test, Version=1.0.0.0, Culture=neutral, PublicKeyToken=null" name="FileBasedPersitence_SaveMultipleAddressSpacesWithOneFullOfdata" />
    </UnitTest>
  </TestDefinitions>
  <TestLists>
    <TestList name="Results Not in a List" id="8c84fa94-04c1-424b-9868-57a2d4851a1d" />
    <TestList name="All Loaded Results" id="19431567-8539-422a-85d7-44ee4e166bda" />
  </TestLists>
  <TestEntries>
    <TestEntry testId="225680d3-3a0f-7f06-ee1a-59784201cb83" executionId="f2ce69e1-d783-411e-bca8-8c79fa0de2ad" testListId="8c84fa94-04c1-424b-9868-57a2d4851a1d" />
    <TestEntry testId="60908062-6452-d125-fe18-ff95ec4cdd44" executionId="d7c6fd69-2bd9-4f89-b821-11cd29813e22" testListId="8c84fa94-04c1-424b-9868-57a2d4851a1d" />
    <TestEntry testId="a5e4b6a9-8a72-d442-9dc9-92cc31b491ee" executionId="dece186c-baf0-48dd-b74d-776ead7b88c2" testListId="8c84fa94-04c1-424b-9868-57a2d4851a1d" />
    <TestEntry testId="f24b8079-7a7b-486d-9b45-80f98756b05d" executionId="9a2eb0f3-c7c0-4616-9894-3371f7e50609" testListId="8c84fa94-04c1-424b-9868-57a2d4851a1d" />
    <TestEntry testId="bb0af259-8772-114f-7ba4-993c68cfbc60" executionId="e992ec52-6cfd-4e03-a4d4-1384801aa228" testListId="8c84fa94-04c1-424b-9868-57a2d4851a1d" />
  </TestEntries>
  <Results>
    <UnitTestResult executionId="f2ce69e1-d783-411e-bca8-8c79fa0de2ad" testId="225680d3-3a0f-7f06-ee1a-59784201cb83" testName="FileBasedPersistence_CreateFilePersistence" computerName="W01319" duration="00:00:00.0258638" startTime="2013-09-11T09:16:01.3086483+10:00" endTime="2013-09-11T09:16:01.5046595+10:00" testType="13cdc9d9-ddb5-4fa4-a97d-d965ccfc6d4b" outcome="Failed" testListId="8c84fa94-04c1-424b-9868-57a2d4851a1d" relativeResultsDirectory="f2ce69e1-d783-411e-bca8-8c79fa0de2ad">
      <Output>
        <ErrorInfo>
          <Message>TestCleanup method Kenny.DbEngine.Core.Test.Integration.VirtualAddressSpace.FileBasedPersistenceTest.TestCleanup threw exception. System.UnauthorizedAccessException: System.UnauthorizedAccessException: Access to the path 'c:\Temp\DbEngine.db' is denied..</Message>
          <StackTrace>    at System.IO.__Error.WinIOError(Int32 errorCode, String maybeFullPath)
   at System.IO.File.Delete(String path)
   at Kenny.DbEngine.Core.Test.Integration.VirtualAddressSpace.FileBasedPersistenceTest.TestCleanup() in C:\Users\mbarton\Documents\GitHub\JellyDb\Kenny.DbEngine.Core.Test\Integration\VirtualAddressSpace\FileBasedPersistenceTest.cs:line 36
</StackTrace>
        </ErrorInfo>
      </Output>
    </UnitTestResult>
    <UnitTestResult executionId="d7c6fd69-2bd9-4f89-b821-11cd29813e22" testId="60908062-6452-d125-fe18-ff95ec4cdd44" testName="FileBasedPersistence_SaveAndGetScatteredData" computerName="W01319" duration="00:00:00.0053654" startTime="2013-09-11T09:16:01.5056596+10:00" endTime="2013-09-11T09:16:01.5136601+10:00" testType="13cdc9d9-ddb5-4fa4-a97d-d965ccfc6d4b" outcome="Failed" testListId="8c84fa94-04c1-424b-9868-57a2d4851a1d" relativeResultsDirectory="d7c6fd69-2bd9-4f89-b821-11cd29813e22">
      <Output>
        <ErrorInfo>
          <Message>Test method Kenny.DbEngine.Core.Test.Integration.VirtualAddressSpace.FileBasedPersistenceTest.FileBasedPersistence_SaveAndGetScatteredData threw exception: 
System.IO.IOException: The process cannot access the file 'c:\Temp\DbEngine.db' because it is being used by another process.
TestCleanup method Kenny.DbEngine.Core.Test.Integration.VirtualAddressSpace.FileBasedPersistenceTest.TestCleanup threw exception. System.UnauthorizedAccessException: System.UnauthorizedAccessException: Access to the path 'c:\Temp\DbEngine.db' is denied..</Message>
          <StackTrace>    at System.IO.__Error.WinIOError(Int32 errorCode, String maybeFullPath)
   at System.IO.FileStream.Init(String path, FileMode mode, FileAccess access, Int32 rights, Boolean useRights, FileShare share, Int32 bufferSize, FileOptions options, SECURITY_ATTRIBUTES secAttrs, String msgPath, Boolean bFromProxy, Boolean useLongPath)
   at System.IO.FileStream..ctor(String path, FileMode mode, FileSystemRights rights, FileShare share, Int32 bufferSize, FileOptions options)
   at System.IO.MemoryMappedFiles.MemoryMappedFile.CreateFromFile(String path, FileMode mode, String mapName, Int64 capacity, MemoryMappedFileAccess access)
   at System.IO.MemoryMappedFiles.MemoryMappedFile.CreateFromFile(String path, FileMode mode, String mapName, Int64 capacity)
   at Kenny.DbEngine.Core.VirtualAddressSpace.FileDataPersistence..ctor() in C:\Users\mbarton\Documents\GitHub\JellyDb\Kenny.DbEngine.Core\VirtualAddressSpace\FileDataPersistence.cs:line 32
   at Kenny.DbEngine.Core.Test.Integration.VirtualAddressSpace.FileBasedPersistenceTest.FileBasedPersistence_SaveAndGetScatteredData() in C:\Users\mbarton\Documents\GitHub\JellyDb\Kenny.DbEngine.Core.Test\Integration\VirtualAddressSpace\FileBasedPersistenceTest.cs:line 69

TestCleanup Stack Trace
    at System.IO.__Error.WinIOError(Int32 errorCode, String maybeFullPath)
   at System.IO.File.Delete(String path)
   at Kenny.DbEngine.Core.Test.Integration.VirtualAddressSpace.FileBasedPersistenceTest.TestCleanup() in C:\Users\mbarton\Documents\GitHub\JellyDb\Kenny.DbEngine.Core.Test\Integration\VirtualAddressSpace\FileBasedPersistenceTest.cs:line 36
</StackTrace>
        </ErrorInfo>
      </Output>
    </UnitTestResult>
    <UnitTestResult executionId="dece186c-baf0-48dd-b74d-776ead7b88c2" testId="a5e4b6a9-8a72-d442-9dc9-92cc31b491ee" testName="CreateBigFileTest" computerName="W01319" duration="00:00:00.3871211" startTime="2013-09-11T09:16:01.5136601+10:00" endTime="2013-09-11T09:16:01.9026823+10:00" testType="13cdc9d9-ddb5-4fa4-a97d-d965ccfc6d4b" outcome="Failed" testListId="8c84fa94-04c1-424b-9868-57a2d4851a1d" relativeResultsDirectory="dece186c-baf0-48dd-b74d-776ead7b88c2">
      <Output>
        <ErrorInfo>
          <Message>Test method Kenny.DbEngine.Core.Test.Integration.VirtualAddressSpace.FileBasedPersistenceTest.CreateBigFileTest threw exception: 
System.IO.IOException: The process cannot access the file 'c:\Temp\DbEngine.db' because it is being used by another process.
TestCleanup method Kenny.DbEngine.Core.Test.Integration.VirtualAddressSpace.FileBasedPersistenceTest.TestCleanup threw exception. System.UnauthorizedAccessException: System.UnauthorizedAccessException: Access to the path 'c:\Temp\DbEngine.db' is denied..</Message>
          <StackTrace>    at System.IO.__Error.WinIOError(Int32 errorCode, String maybeFullPath)
   at System.IO.FileStream.Init(String path, FileMode mode, FileAccess access, Int32 rights, Boolean useRights, FileShare share, Int32 bufferSize, FileOptions options, SECURITY_ATTRIBUTES secAttrs, String msgPath, Boolean bFromProxy, Boolean useLongPath)
   at System.IO.FileStream..ctor(String path, FileMode mode, FileSystemRights rights, FileShare share, Int32 bufferSize, FileOptions options)
   at System.IO.MemoryMappedFiles.MemoryMappedFile.CreateFromFile(String path, FileMode mode, String mapName, Int64 capacity, MemoryMappedFileAccess access)
   at System.IO.MemoryMappedFiles.MemoryMappedFile.CreateFromFile(String path, FileMode mode, String mapName, Int64 capacity)
   at Kenny.DbEngine.Core.VirtualAddressSpace.FileDataPersistence.ExpandStorageFile() in C:\Users\mbarton\Documents\GitHub\JellyDb\Kenny.DbEngine.Core\VirtualAddressSpace\FileDataPersistence.cs:line 76
   at Kenny.DbEngine.Core.VirtualAddressSpace.FileDataPersistence.ExpandAddressSpace(Guid addressSpaceId) in C:\Users\mbarton\Documents\GitHub\JellyDb\Kenny.DbEngine.Core\VirtualAddressSpace\FileDataPersistence.cs:line 47
   at Kenny.DbEngine.Core.VirtualAddressSpace.FileDataPersistence.CreateVirtualAddressSpace() in C:\Users\mbarton\Documents\GitHub\JellyDb\Kenny.DbEngine.Core\VirtualAddressSpace\FileDataPersistence.cs:line 39
   at Kenny.DbEngine.Core.Test.Integration.VirtualAddressSpace.FileBasedPersistenceTest.CreateBigFileTest() in C:\Users\mbarton\Documents\GitHub\JellyDb\Kenny.DbEngine.Core.Test\Integration\VirtualAddressSpace\FileBasedPersistenceTest.cs:line 123

TestCleanup Stack Trace
    at System.IO.__Error.WinIOError(Int32 errorCode, String maybeFullPath)
   at System.IO.File.Delete(String path)
   at Kenny.DbEngine.Core.Test.Integration.VirtualAddressSpace.FileBasedPersistenceTest.TestCleanup() in C:\Users\mbarton\Documents\GitHub\JellyDb\Kenny.DbEngine.Core.Test\Integration\VirtualAddressSpace\FileBasedPersistenceTest.cs:line 36
</StackTrace>
        </ErrorInfo>
      </Output>
    </UnitTestResult>
    <UnitTestResult executionId="9a2eb0f3-c7c0-4616-9894-3371f7e50609" testId="f24b8079-7a7b-486d-9b45-80f98756b05d" testName="FileBasedPersistence_SaveAndGetContiguousData" computerName="W01319" duration="00:00:00.0024954" startTime="2013-09-11T09:16:01.9036824+10:00" endTime="2013-09-11T09:16:01.9076826+10:00" testType="13cdc9d9-ddb5-4fa4-a97d-d965ccfc6d4b" outcome="Failed" testListId="8c84fa94-04c1-424b-9868-57a2d4851a1d" relativeResultsDirectory="9a2eb0f3-c7c0-4616-9894-3371f7e50609">
      <Output>
        <ErrorInfo>
          <Message>Test method Kenny.DbEngine.Core.Test.Integration.VirtualAddressSpace.FileBasedPersistenceTest.FileBasedPersistence_SaveAndGetContiguousData threw exception: 
System.IO.IOException: The process cannot access the file 'c:\Temp\DbEngine.db' because it is being used by another process.
TestCleanup method Kenny.DbEngine.Core.Test.Integration.VirtualAddressSpace.FileBasedPersistenceTest.TestCleanup threw exception. System.UnauthorizedAccessException: System.UnauthorizedAccessException: Access to the path 'c:\Temp\DbEngine.db' is denied..</Message>
          <StackTrace>    at System.IO.__Error.WinIOError(Int32 errorCode, String maybeFullPath)
   at System.IO.FileStream.Init(String path, FileMode mode, FileAccess access, Int32 rights, Boolean useRights, FileShare share, Int32 bufferSize, FileOptions options, SECURITY_ATTRIBUTES secAttrs, String msgPath, Boolean bFromProxy, Boolean useLongPath)
   at System.IO.FileStream..ctor(String path, FileMode mode, FileSystemRights rights, FileShare share, Int32 bufferSize, FileOptions options)
   at System.IO.MemoryMappedFiles.MemoryMappedFile.CreateFromFile(String path, FileMode mode, String mapName, Int64 capacity, MemoryMappedFileAccess access)
   at System.IO.MemoryMappedFiles.MemoryMappedFile.CreateFromFile(String path, FileMode mode, String mapName, Int64 capacity)
   at Kenny.DbEngine.Core.VirtualAddressSpace.FileDataPersistence..ctor() in C:\Users\mbarton\Documents\GitHub\JellyDb\Kenny.DbEngine.Core\VirtualAddressSpace\FileDataPersistence.cs:line 32
   at Kenny.DbEngine.Core.Test.Integration.VirtualAddressSpace.FileBasedPersistenceTest.FileBasedPersistence_SaveAndGetContiguousData() in C:\Users\mbarton\Documents\GitHub\JellyDb\Kenny.DbEngine.Core.Test\Integration\VirtualAddressSpace\FileBasedPersistenceTest.cs:line 53

TestCleanup Stack Trace
    at System.IO.__Error.WinIOError(Int32 errorCode, String maybeFullPath)
   at System.IO.File.Delete(String path)
   at Kenny.DbEngine.Core.Test.Integration.VirtualAddressSpace.FileBasedPersistenceTest.TestCleanup() in C:\Users\mbarton\Documents\GitHub\JellyDb\Kenny.DbEngine.Core.Test\Integration\VirtualAddressSpace\FileBasedPersistenceTest.cs:line 36
</StackTrace>
        </ErrorInfo>
      </Output>
    </UnitTestResult>
    <UnitTestResult executionId="e992ec52-6cfd-4e03-a4d4-1384801aa228" testId="bb0af259-8772-114f-7ba4-993c68cfbc60" testName="FileBasedPersitence_SaveMultipleAddressSpacesWithOneFullOfdata" computerName="W01319" duration="00:00:00.0019827" startTime="2013-09-11T09:16:01.9086827+10:00" endTime="2013-09-11T09:16:01.9116828+10:00" testType="13cdc9d9-ddb5-4fa4-a97d-d965ccfc6d4b" outcome="Failed" testListId="8c84fa94-04c1-424b-9868-57a2d4851a1d" relativeResultsDirectory="e992ec52-6cfd-4e03-a4d4-1384801aa228">
      <Output>
        <ErrorInfo>
          <Message>Test method Kenny.DbEngine.Core.Test.Integration.VirtualAddressSpace.FileBasedPersistenceTest.FileBasedPersitence_SaveMultipleAddressSpacesWithOneFullOfdata threw exception: 
System.IO.IOException: The process cannot access the file 'c:\Temp\DbEngine.db.pages' because it is being used by another process.
TestCleanup method Kenny.DbEngine.Core.Test.Integration.VirtualAddressSpace.FileBasedPersistenceTest.TestCleanup threw exception. System.UnauthorizedAccessException: System.UnauthorizedAccessException: Access to the path 'c:\Temp\DbEngine.db' is denied..</Message>
          <StackTrace>    at System.IO.__Error.WinIOError(Int32 errorCode, String maybeFullPath)
   at System.IO.FileStream.Init(String path, FileMode mode, FileAccess access, Int32 rights, Boolean useRights, FileShare share, Int32 bufferSize, FileOptions options, SECURITY_ATTRIBUTES secAttrs, String msgPath, Boolean bFromProxy, Boolean useLongPath)
   at System.IO.FileStream..ctor(String path, FileMode mode, FileAccess access, FileShare share)
   at System.IO.File.Open(String path, FileMode mode, FileAccess access)
   at Kenny.DbEngine.Core.VirtualAddressSpace.FileDataPersistence..ctor() in C:\Users\mbarton\Documents\GitHub\JellyDb\Kenny.DbEngine.Core\VirtualAddressSpace\FileDataPersistence.cs:line 23
   at Kenny.DbEngine.Core.Test.Integration.VirtualAddressSpace.FileBasedPersistenceTest.FileBasedPersitence_SaveMultipleAddressSpacesWithOneFullOfdata() in C:\Users\mbarton\Documents\GitHub\JellyDb\Kenny.DbEngine.Core.Test\Integration\VirtualAddressSpace\FileBasedPersistenceTest.cs:line 102

TestCleanup Stack Trace
    at System.IO.__Error.WinIOError(Int32 errorCode, String maybeFullPath)
   at System.IO.File.Delete(String path)
   at Kenny.DbEngine.Core.Test.Integration.VirtualAddressSpace.FileBasedPersistenceTest.TestCleanup() in C:\Users\mbarton\Documents\GitHub\JellyDb\Kenny.DbEngine.Core.Test\Integration\VirtualAddressSpace\FileBasedPersistenceTest.cs:line 36
</StackTrace>
        </ErrorInfo>
      </Output>
    </UnitTestResult>
  </Results>
</TestRun>